<?xml version="1.0" encoding="UTF-8"?>
<testsuites name="Create New User" time="29.665" tests="3" failures="1" errors="0">
   <testsuite name="Create New User" tests="3" failures="1" errors="0" time="29.665" skipped="0" timestamp="2022-04-20 11:36:41" hostname="sulet - 192.168.3.94" id="Test Suites/Create New User">
      <properties>
         <property name="deviceName" value=""/>
         <property name="devicePlatform" value=""/>
         <property name="logFolder" value="C:\\Users\\sulet\\Katalon Studio\\AdminOnline\\Reports\\20220420_113629\\Create New User\\20220420_113629"/>
         <property name="logFiles" value="C:\\Users\\sulet\\Katalon Studio\\AdminOnline\\Reports\\20220420_113629\\Create New User\\20220420_113629\\execution0.log"/>
         <property name="attachments" value="C:\\Users\\sulet\\Katalon Studio\\AdminOnline\\Reports\\20220420_113629\\Create New User\\20220420_113629\\screenshots/Test Cases-Open Browser1101136.png, C:\\Users\\sulet\\Katalon Studio\\AdminOnline\\Reports\\20220420_113629\\Create New User\\20220420_113629\\screenshots/Test Cases-Login1101137.png, C:\\Users\\sulet\\Katalon Studio\\AdminOnline\\Reports\\20220420_113629\\Create New User\\20220420_113629\\1650447431111.png, C:\\Users\\sulet\\Katalon Studio\\AdminOnline\\Reports\\20220420_113629\\Create New User\\20220420_113629\\screenshots/Test Cases-Add Account1101137.png"/>
         <property name="hostName" value="sulet - 192.168.3.94"/>
         <property name="os" value="Windows 10 64bit"/>
         <property name="katalonVersion" value="8.3.0.208"/>
         <property name="browser" value="Chrome 100.0.4896.127"/>
         <property name="hostAddress" value="192.168.3.94"/>
         <property name="sessionId" value="5bf1cf0630d6ba14d768755b19d68c6d"/>
         <property name="seleniumVersion" value="3.141.59"/>
         <property name="proxyInformation" value="ProxyInformation { proxyOption=NO_PROXY, proxyServerType=HTTP, username=, password=********, proxyServerAddress=, proxyServerPort=0, executionList=&quot;&quot;, isApplyToDesiredCapabilities=true }"/>
         <property name="platform" value="Windows 10"/>
      </properties>
      <testcase name="Test Cases/Open Browser" time="0.835" classname="Test Cases/Open Browser" status="PASSED">
         <system-out><![CDATA[2022-04-20 11:36:48 - [TEST_CASE][PASSED] - Test Cases/Open Browser: Test Cases/Open Browser

2022-04-20 11:36:48 - [TEST_STEP][PASSED] - Start listener action : sampleBeforeTestCase: null

2022-04-20 11:36:48 - [TEST_STEP][PASSED] - println(testCaseContext.getTestCaseId()): null

2022-04-20 11:36:48 - [TEST_STEP][PASSED] - println(testCaseContext.getTestCaseVariables()): null

2022-04-20 11:36:48 - [TEST_STEP][PASSED] - verifyMatch(getWindowTitle(), "Test System AdminOnline", false): Actual text 'Test System AdminOnline' and expected text 'Test System AdminOnline' are matched 

2022-04-20 11:36:48 - [MESSAGE][PASSED] - Current window's title is: 'Test System AdminOnline'

2022-04-20 11:36:48 - [MESSAGE][PASSED] - Actual text 'Test System AdminOnline' and expected text 'Test System AdminOnline' are matched 

2022-04-20 11:36:48 - [TEST_STEP][PASSED] - Start listener action : sampleAfterTestCase: Taking screenshot successfully

2022-04-20 11:36:48 - [TEST_STEP][PASSED] - dt = LocalDateTime.now(): null

2022-04-20 11:36:48 - [TEST_STEP][PASSED] - dtdayofyear = dt.getDayOfYear(): null

2022-04-20 11:36:48 - [TEST_STEP][PASSED] - dthour = dt.getHour(): null

2022-04-20 11:36:48 - [TEST_STEP][PASSED] - dtminute = dt.getMinute(): null

2022-04-20 11:36:48 - [TEST_STEP][PASSED] - path = "screenshots/" + testCaseId.replace("/", "-") + dtdayofyear + dthour + dtminute + ".png": null

2022-04-20 11:36:48 - [TEST_STEP][PASSED] - println(path): null

2022-04-20 11:36:48 - [TEST_STEP][PASSED] - takeScreenshot(path): Taking screenshot successfully

2022-04-20 11:36:49 - [MESSAGE][PASSED] - Taking screenshot successfully
[[ATTACHMENT|C:\\Users\\sulet\\Katalon Studio\\AdminOnline\\Reports\\20220420_113629\\Create New User\\20220420_113629\\screenshots/Test Cases-Open Browser1101136.png]]]]></system-out>
         <system-err><![CDATA[]]></system-err>
      </testcase>
      <testcase name="Test Cases/Login" time="14.433" classname="Test Cases/Login" status="PASSED">
         <system-out><![CDATA[2022-04-20 11:36:49 - [TEST_CASE][PASSED] - Test Cases/Login: Test Cases/Login

2022-04-20 11:36:49 - [TEST_STEP][PASSED] - Start listener action : sampleBeforeTestCase: null

2022-04-20 11:36:49 - [TEST_STEP][PASSED] - println(testCaseContext.getTestCaseId()): null

2022-04-20 11:36:49 - [TEST_STEP][PASSED] - println(testCaseContext.getTestCaseVariables()): null

2022-04-20 11:36:49 - [TEST_STEP][PASSED] - sendKeys(findTestObject("Login Home Page/Input_Username"), Username): Keys 'training@iits.co.za' sent to object: 'Object Repository/Login Home Page/Input_Username'

2022-04-20 11:36:49 - [MESSAGE][PASSED] - Keys 'training@iits.co.za' sent to object: 'Object Repository/Login Home Page/Input_Username'

2022-04-20 11:36:49 - [TEST_STEP][PASSED] - sendKeys(findTestObject("Login Home Page/Input_Password"), Password): Keys '123456' sent to object: 'Object Repository/Login Home Page/Input_Password'

2022-04-20 11:36:50 - [MESSAGE][PASSED] - Keys '123456' sent to object: 'Object Repository/Login Home Page/Input_Password'

2022-04-20 11:36:50 - [TEST_STEP][PASSED] - click(findTestObject("Login Home Page/Button_Submit")): Object: 'Object Repository/Login Home Page/Button_Submit' is clicked on

2022-04-20 11:37:02 - [MESSAGE][PASSED] - Object: 'Object Repository/Login Home Page/Button_Submit' is clicked on

2022-04-20 11:37:02 - [TEST_STEP][PASSED] - Start listener action : sampleAfterTestCase: Taking screenshot successfully

2022-04-20 11:37:02 - [TEST_STEP][PASSED] - dt = LocalDateTime.now(): null

2022-04-20 11:37:02 - [TEST_STEP][PASSED] - dtdayofyear = dt.getDayOfYear(): null

2022-04-20 11:37:02 - [TEST_STEP][PASSED] - dthour = dt.getHour(): null

2022-04-20 11:37:02 - [TEST_STEP][PASSED] - dtminute = dt.getMinute(): null

2022-04-20 11:37:02 - [TEST_STEP][PASSED] - path = "screenshots/" + testCaseId.replace("/", "-") + dtdayofyear + dthour + dtminute + ".png": null

2022-04-20 11:37:02 - [TEST_STEP][PASSED] - println(path): null

2022-04-20 11:37:02 - [TEST_STEP][PASSED] - takeScreenshot(path): Taking screenshot successfully

2022-04-20 11:37:03 - [MESSAGE][PASSED] - Taking screenshot successfully
[[ATTACHMENT|C:\\Users\\sulet\\Katalon Studio\\AdminOnline\\Reports\\20220420_113629\\Create New User\\20220420_113629\\screenshots/Test Cases-Login1101137.png]]]]></system-out>
         <system-err><![CDATA[]]></system-err>
      </testcase>
      <testcase name="Test Cases/Add Account" time="7.928" classname="Test Cases/Add Account" status="FAILED">
         <failure type="FAILED" message="Test Cases/Add Account FAILED.
Reason:
com.kms.katalon.core.exception.StepFailedException: Unable to click on object
	at com.kms.katalon.core.webui.keyword.internal.WebUIKeywordMain.stepFailed(WebUIKeywordMain.groovy:64)
	at com.kms.katalon.core.webui.keyword.internal.WebUIKeywordMain.runKeyword(WebUIKeywordMain.groovy:26)
	at com.kms.katalon.core.webui.keyword.builtin.ClickKeyword.click(ClickKeyword.groovy:74)
	at com.kms.katalon.core.webui.keyword.builtin.ClickKeyword.execute(ClickKeyword.groovy:40)
	at com.kms.katalon.core.keyword.internal.KeywordExecutor.executeKeywordForPlatform(KeywordExecutor.groovy:74)
	at com.kms.katalon.core.webui.keyword.WebUiBuiltInKeywords.click(WebUiBuiltInKeywords.groovy:620)
	at com.kms.katalon.core.webui.keyword.WebUiBuiltInKeywords$click$3.call(Unknown Source)
	at Add Account.run(Add Account:42)
	at com.kms.katalon.core.main.ScriptEngine.run(ScriptEngine.java:194)
	at com.kms.katalon.core.main.ScriptEngine.runScriptAsRawText(ScriptEngine.java:119)
	at com.kms.katalon.core.main.TestCaseExecutor.runScript(TestCaseExecutor.java:445)
	at com.kms.katalon.core.main.TestCaseExecutor.doExecute(TestCaseExecutor.java:436)
	at com.kms.katalon.core.main.TestCaseExecutor.processExecutionPhase(TestCaseExecutor.java:415)
	at com.kms.katalon.core.main.TestCaseExecutor.accessMainPhase(TestCaseExecutor.java:407)
	at com.kms.katalon.core.main.TestCaseExecutor.execute(TestCaseExecutor.java:284)
	at com.kms.katalon.core.common.CommonExecutor.accessTestCaseMainPhase(CommonExecutor.java:65)
	at com.kms.katalon.core.main.TestSuiteExecutor.accessTestSuiteMainPhase(TestSuiteExecutor.java:144)
	at com.kms.katalon.core.main.TestSuiteExecutor.execute(TestSuiteExecutor.java:106)
	at com.kms.katalon.core.main.TestCaseMain.startTestSuite(TestCaseMain.java:185)
	at com.kms.katalon.core.main.TestCaseMain$startTestSuite$0.call(Unknown Source)
	at TempTestSuite1650447389741.run(TempTestSuite1650447389741.groovy:36)
Caused by: java.lang.IllegalArgumentException: Object is null
	at com.kms.katalon.core.helper.KeywordHelper.checkTestObjectParameter(KeywordHelper.java:33)
	at com.kms.katalon.core.webui.keyword.builtin.ClickKeyword$_click_closure1.doCall(ClickKeyword.groovy:62)
	at com.kms.katalon.core.webui.keyword.builtin.ClickKeyword$_click_closure1.call(ClickKeyword.groovy)
	at com.kms.katalon.core.webui.keyword.internal.WebUIKeywordMain.runKeyword(WebUIKeywordMain.groovy:20)
	... 19 more
"/>
         <system-out><![CDATA[2022-04-20 11:37:03 - [TEST_CASE][FAILED] - Test Cases/Add Account: Test Cases/Add Account FAILED.
Reason:
com.kms.katalon.core.exception.StepFailedException: Unable to click on object
	at com.kms.katalon.core.webui.keyword.internal.WebUIKeywordMain.stepFailed(WebUIKeywordMain.groovy:64)
	at com.kms.katalon.core.webui.keyword.internal.WebUIKeywordMain.runKeyword(WebUIKeywordMain.groovy:26)
	at com.kms.katalon.core.webui.keyword.builtin.ClickKeyword.click(ClickKeyword.groovy:74)
	at com.kms.katalon.core.webui.keyword.builtin.ClickKeyword.execute(ClickKeyword.groovy:40)
	at com.kms.katalon.core.keyword.internal.KeywordExecutor.executeKeywordForPlatform(KeywordExecutor.groovy:74)
	at com.kms.katalon.core.webui.keyword.WebUiBuiltInKeywords.click(WebUiBuiltInKeywords.groovy:620)
	at com.kms.katalon.core.webui.keyword.WebUiBuiltInKeywords$click$3.call(Unknown Source)
	at Add Account.run(Add Account:42)
	at com.kms.katalon.core.main.ScriptEngine.run(ScriptEngine.java:194)
	at com.kms.katalon.core.main.ScriptEngine.runScriptAsRawText(ScriptEngine.java:119)
	at com.kms.katalon.core.main.TestCaseExecutor.runScript(TestCaseExecutor.java:445)
	at com.kms.katalon.core.main.TestCaseExecutor.doExecute(TestCaseExecutor.java:436)
	at com.kms.katalon.core.main.TestCaseExecutor.processExecutionPhase(TestCaseExecutor.java:415)
	at com.kms.katalon.core.main.TestCaseExecutor.accessMainPhase(TestCaseExecutor.java:407)
	at com.kms.katalon.core.main.TestCaseExecutor.execute(TestCaseExecutor.java:284)
	at com.kms.katalon.core.common.CommonExecutor.accessTestCaseMainPhase(CommonExecutor.java:65)
	at com.kms.katalon.core.main.TestSuiteExecutor.accessTestSuiteMainPhase(TestSuiteExecutor.java:144)
	at com.kms.katalon.core.main.TestSuiteExecutor.execute(TestSuiteExecutor.java:106)
	at com.kms.katalon.core.main.TestCaseMain.startTestSuite(TestCaseMain.java:185)
	at com.kms.katalon.core.main.TestCaseMain$startTestSuite$0.call(Unknown Source)
	at TempTestSuite1650447389741.run(TempTestSuite1650447389741.groovy:36)
Caused by: java.lang.IllegalArgumentException: Object is null
	at com.kms.katalon.core.helper.KeywordHelper.checkTestObjectParameter(KeywordHelper.java:33)
	at com.kms.katalon.core.webui.keyword.builtin.ClickKeyword$_click_closure1.doCall(ClickKeyword.groovy:62)
	at com.kms.katalon.core.webui.keyword.builtin.ClickKeyword$_click_closure1.call(ClickKeyword.groovy)
	at com.kms.katalon.core.webui.keyword.internal.WebUIKeywordMain.runKeyword(WebUIKeywordMain.groovy:20)
	... 19 more


2022-04-20 11:37:03 - [TEST_STEP][PASSED] - Start listener action : sampleBeforeTestCase: null

2022-04-20 11:37:03 - [TEST_STEP][PASSED] - println(testCaseContext.getTestCaseId()): null

2022-04-20 11:37:03 - [TEST_STEP][PASSED] - println(testCaseContext.getTestCaseVariables()): null

2022-04-20 11:37:03 - [TEST_STEP][PASSED] - click(findTestObject("Add Account Page/a_New Account")): Object: 'Object Repository/Add Account Page/a_New Account' is clicked on

2022-04-20 11:37:04 - [MESSAGE][PASSED] - Object: 'Object Repository/Add Account Page/a_New Account' is clicked on

2022-04-20 11:37:04 - [TEST_STEP][PASSED] - click(findTestObject("Add Account Page/input_Account Surname_surname")): Object: 'Object Repository/Add Account Page/input_Account Surname_surname' is clicked on

2022-04-20 11:37:05 - [MESSAGE][PASSED] - Object: 'Object Repository/Add Account Page/input_Account Surname_surname' is clicked on

2022-04-20 11:37:05 - [TEST_STEP][PASSED] - sendKeys(findTestObject("Add Account Page/input_Account Surname_surname"), TestUserSurname): Keys '1TestSurname' sent to object: 'Object Repository/Add Account Page/input_Account Surname_surname'

2022-04-20 11:37:06 - [MESSAGE][PASSED] - Keys '1TestSurname' sent to object: 'Object Repository/Add Account Page/input_Account Surname_surname'

2022-04-20 11:37:06 - [TEST_STEP][PASSED] - click(findTestObject("Add Account Page/Button_Add Person"), STOP_ON_FAILURE): Object: 'Object Repository/Add Account Page/Button_Add Person' is clicked on

2022-04-20 11:37:06 - [MESSAGE][PASSED] - Object: 'Object Repository/Add Account Page/Button_Add Person' is clicked on

2022-04-20 11:37:06 - [TEST_STEP][PASSED] - sendKeys(findTestObject("Add Account Page/input_Name_name"), TestUserName): Keys '1TestName' sent to object: 'Object Repository/Add Account Page/input_Name_name'

2022-04-20 11:37:07 - [MESSAGE][PASSED] - Keys '1TestName' sent to object: 'Object Repository/Add Account Page/input_Name_name'

2022-04-20 11:37:07 - [TEST_STEP][PASSED] - sendKeys(findTestObject("Add Account Page/input_Surname_surname"), TestUserSurname): Keys '1TestSurname' sent to object: 'Object Repository/Add Account Page/input_Surname_surname'

2022-04-20 11:37:08 - [MESSAGE][PASSED] - Keys '1TestSurname' sent to object: 'Object Repository/Add Account Page/input_Surname_surname'

2022-04-20 11:37:08 - [TEST_STEP][PASSED] - sendKeys(findTestObject("Add Account Page/input_ID Number_id_number"), "7612140114088"): Keys '7612140114088' sent to object: 'Object Repository/Add Account Page/input_ID Number_id_number'

2022-04-20 11:37:08 - [MESSAGE][PASSED] - Keys '7612140114088' sent to object: 'Object Repository/Add Account Page/input_ID Number_id_number'

2022-04-20 11:37:08 - [TEST_STEP][PASSED] - sendKeys(findTestObject("Add Account Page/input_Email_email"), "1Test@iits.co.za"): Keys '1Test@iits.co.za' sent to object: 'Object Repository/Add Account Page/input_Email_email'

2022-04-20 11:37:09 - [MESSAGE][PASSED] - Keys '1Test@iits.co.za' sent to object: 'Object Repository/Add Account Page/input_Email_email'

2022-04-20 11:37:09 - [TEST_STEP][PASSED] - sendKeys(findTestObject("Add Account Page/input_Cell Number_cell_number"), "0833268624"): Keys '0833268624' sent to object: 'Object Repository/Add Account Page/input_Cell Number_cell_number'

2022-04-20 11:37:09 - [MESSAGE][PASSED] - Keys '0833268624' sent to object: 'Object Repository/Add Account Page/input_Cell Number_cell_number'

2022-04-20 11:37:09 - [TEST_STEP][PASSED] - click(findTestObject("Add Account Page/div_")): Object: 'Object Repository/Add Account Page/div_' is clicked on

2022-04-20 11:37:10 - [MESSAGE][PASSED] - Object: 'Object Repository/Add Account Page/div_' is clicked on

2022-04-20 11:37:10 - [TEST_STEP][PASSED] - click(findTestObject("Add Account Page/div_Send By Email")): Object: 'Object Repository/Add Account Page/div_Send By Email' is clicked on

2022-04-20 11:37:11 - [MESSAGE][PASSED] - Object: 'Object Repository/Add Account Page/div_Send By Email' is clicked on

2022-04-20 11:37:11 - [TEST_STEP][FAILED] - click(findTestObject("null")): Unable to click on object (Root cause: com.kms.katalon.core.exception.StepFailedException: Unable to click on object
	at com.kms.katalon.core.webui.keyword.internal.WebUIKeywordMain.stepFailed(WebUIKeywordMain.groovy:64)
	at com.kms.katalon.core.webui.keyword.internal.WebUIKeywordMain.runKeyword(WebUIKeywordMain.groovy:26)
	at com.kms.katalon.core.webui.keyword.builtin.ClickKeyword.click(ClickKeyword.groovy:74)
	at com.kms.katalon.core.webui.keyword.builtin.ClickKeyword.execute(ClickKeyword.groovy:40)
	at com.kms.katalon.core.keyword.internal.KeywordExecutor.executeKeywordForPlatform(KeywordExecutor.groovy:74)
	at com.kms.katalon.core.webui.keyword.WebUiBuiltInKeywords.click(WebUiBuiltInKeywords.groovy:620)
	at com.kms.katalon.core.webui.keyword.WebUiBuiltInKeywords$click$3.call(Unknown Source)
	at Add Account.run(Add Account:42)
	at com.kms.katalon.core.main.ScriptEngine.run(ScriptEngine.java:194)
	at com.kms.katalon.core.main.ScriptEngine.runScriptAsRawText(ScriptEngine.java:119)
	at com.kms.katalon.core.main.TestCaseExecutor.runScript(TestCaseExecutor.java:445)
	at com.kms.katalon.core.main.TestCaseExecutor.doExecute(TestCaseExecutor.java:436)
	at com.kms.katalon.core.main.TestCaseExecutor.processExecutionPhase(TestCaseExecutor.java:415)
	at com.kms.katalon.core.main.TestCaseExecutor.accessMainPhase(TestCaseExecutor.java:407)
	at com.kms.katalon.core.main.TestCaseExecutor.execute(TestCaseExecutor.java:284)
	at com.kms.katalon.core.common.CommonExecutor.accessTestCaseMainPhase(CommonExecutor.java:65)
	at com.kms.katalon.core.main.TestSuiteExecutor.accessTestSuiteMainPhase(TestSuiteExecutor.java:144)
	at com.kms.katalon.core.main.TestSuiteExecutor.execute(TestSuiteExecutor.java:106)
	at com.kms.katalon.core.main.TestCaseMain.startTestSuite(TestCaseMain.java:185)
	at com.kms.katalon.core.main.TestCaseMain$startTestSuite$0.call(Unknown Source)
	at TempTestSuite1650447389741.run(TempTestSuite1650447389741.groovy:36)
Caused by: java.lang.IllegalArgumentException: Object is null
	at com.kms.katalon.core.helper.KeywordHelper.checkTestObjectParameter(KeywordHelper.java:33)
	at com.kms.katalon.core.webui.keyword.builtin.ClickKeyword$_click_closure1.doCall(ClickKeyword.groovy:62)
	at com.kms.katalon.core.webui.keyword.builtin.ClickKeyword$_click_closure1.call(ClickKeyword.groovy)
	at com.kms.katalon.core.webui.keyword.internal.WebUIKeywordMain.runKeyword(WebUIKeywordMain.groovy:20)
	at com.kms.katalon.core.webui.keyword.builtin.ClickKeyword.click(ClickKeyword.groovy:74)
	at com.kms.katalon.core.webui.keyword.builtin.ClickKeyword.execute(ClickKeyword.groovy:40)
	at com.kms.katalon.core.keyword.internal.KeywordExecutor.executeKeywordForPlatform(KeywordExecutor.groovy:74)
	at com.kms.katalon.core.webui.keyword.WebUiBuiltInKeywords.click(WebUiBuiltInKeywords.groovy:620)
	at com.kms.katalon.core.webui.keyword.WebUiBuiltInKeywords$click$3.call(Unknown Source)
	at Script1648031805283.run(Script1648031805283.groovy:42)
	... 13 more
)

2022-04-20 11:37:11 - [MESSAGE][WARNING] - Test object with id 'Object Repository/null' does not exist

2022-04-20 11:37:11 - [MESSAGE][WARNING] - Test object with id 'Object Repository/' does not exist

2022-04-20 11:37:11 - [MESSAGE][FAILED] - Unable to click on object (Root cause: com.kms.katalon.core.exception.StepFailedException: Unable to click on object
	at com.kms.katalon.core.webui.keyword.internal.WebUIKeywordMain.stepFailed(WebUIKeywordMain.groovy:64)
	at com.kms.katalon.core.webui.keyword.internal.WebUIKeywordMain.runKeyword(WebUIKeywordMain.groovy:26)
	at com.kms.katalon.core.webui.keyword.builtin.ClickKeyword.click(ClickKeyword.groovy:74)
	at com.kms.katalon.core.webui.keyword.builtin.ClickKeyword.execute(ClickKeyword.groovy:40)
	at com.kms.katalon.core.keyword.internal.KeywordExecutor.executeKeywordForPlatform(KeywordExecutor.groovy:74)
	at com.kms.katalon.core.webui.keyword.WebUiBuiltInKeywords.click(WebUiBuiltInKeywords.groovy:620)
	at com.kms.katalon.core.webui.keyword.WebUiBuiltInKeywords$click$3.call(Unknown Source)
	at Add Account.run(Add Account:42)
	at com.kms.katalon.core.main.ScriptEngine.run(ScriptEngine.java:194)
	at com.kms.katalon.core.main.ScriptEngine.runScriptAsRawText(ScriptEngine.java:119)
	at com.kms.katalon.core.main.TestCaseExecutor.runScript(TestCaseExecutor.java:445)
	at com.kms.katalon.core.main.TestCaseExecutor.doExecute(TestCaseExecutor.java:436)
	at com.kms.katalon.core.main.TestCaseExecutor.processExecutionPhase(TestCaseExecutor.java:415)
	at com.kms.katalon.core.main.TestCaseExecutor.accessMainPhase(TestCaseExecutor.java:407)
	at com.kms.katalon.core.main.TestCaseExecutor.execute(TestCaseExecutor.java:284)
	at com.kms.katalon.core.common.CommonExecutor.accessTestCaseMainPhase(CommonExecutor.java:65)
	at com.kms.katalon.core.main.TestSuiteExecutor.accessTestSuiteMainPhase(TestSuiteExecutor.java:144)
	at com.kms.katalon.core.main.TestSuiteExecutor.execute(TestSuiteExecutor.java:106)
	at com.kms.katalon.core.main.TestCaseMain.startTestSuite(TestCaseMain.java:185)
	at com.kms.katalon.core.main.TestCaseMain$startTestSuite$0.call(Unknown Source)
	at TempTestSuite1650447389741.run(TempTestSuite1650447389741.groovy:36)
Caused by: java.lang.IllegalArgumentException: Object is null
	at com.kms.katalon.core.helper.KeywordHelper.checkTestObjectParameter(KeywordHelper.java:33)
	at com.kms.katalon.core.webui.keyword.builtin.ClickKeyword$_click_closure1.doCall(ClickKeyword.groovy:62)
	at com.kms.katalon.core.webui.keyword.builtin.ClickKeyword$_click_closure1.call(ClickKeyword.groovy)
	at com.kms.katalon.core.webui.keyword.internal.WebUIKeywordMain.runKeyword(WebUIKeywordMain.groovy:20)
	at com.kms.katalon.core.webui.keyword.builtin.ClickKeyword.click(ClickKeyword.groovy:74)
	at com.kms.katalon.core.webui.keyword.builtin.ClickKeyword.execute(ClickKeyword.groovy:40)
	at com.kms.katalon.core.keyword.internal.KeywordExecutor.executeKeywordForPlatform(KeywordExecutor.groovy:74)
	at com.kms.katalon.core.webui.keyword.WebUiBuiltInKeywords.click(WebUiBuiltInKeywords.groovy:620)
	at com.kms.katalon.core.webui.keyword.WebUiBuiltInKeywords$click$3.call(Unknown Source)
	at Script1648031805283.run(Script1648031805283.groovy:42)
	... 13 more
)
[[ATTACHMENT|C:\\Users\\sulet\\Katalon Studio\\AdminOnline\\Reports\\20220420_113629\\Create New User\\20220420_113629\\1650447431111.png]]

2022-04-20 11:37:11 - [TEST_STEP][PASSED] - Start listener action : sampleAfterTestCase: Taking screenshot successfully

2022-04-20 11:37:11 - [TEST_STEP][PASSED] - dt = LocalDateTime.now(): null

2022-04-20 11:37:11 - [TEST_STEP][PASSED] - dtdayofyear = dt.getDayOfYear(): null

2022-04-20 11:37:11 - [TEST_STEP][PASSED] - dthour = dt.getHour(): null

2022-04-20 11:37:11 - [TEST_STEP][PASSED] - dtminute = dt.getMinute(): null

2022-04-20 11:37:11 - [TEST_STEP][PASSED] - path = "screenshots/" + testCaseId.replace("/", "-") + dtdayofyear + dthour + dtminute + ".png": null

2022-04-20 11:37:11 - [TEST_STEP][PASSED] - println(path): null

2022-04-20 11:37:11 - [TEST_STEP][PASSED] - takeScreenshot(path): Taking screenshot successfully

2022-04-20 11:37:11 - [MESSAGE][PASSED] - Taking screenshot successfully
[[ATTACHMENT|C:\\Users\\sulet\\Katalon Studio\\AdminOnline\\Reports\\20220420_113629\\Create New User\\20220420_113629\\screenshots/Test Cases-Add Account1101137.png]]]]></system-out>
         <system-err><![CDATA[2022-04-20 11:37:03 - [TEST_CASE][FAILED] - Test Cases/Add Account: Test Cases/Add Account FAILED.
Reason:
com.kms.katalon.core.exception.StepFailedException: Unable to click on object
	at com.kms.katalon.core.webui.keyword.internal.WebUIKeywordMain.stepFailed(WebUIKeywordMain.groovy:64)
	at com.kms.katalon.core.webui.keyword.internal.WebUIKeywordMain.runKeyword(WebUIKeywordMain.groovy:26)
	at com.kms.katalon.core.webui.keyword.builtin.ClickKeyword.click(ClickKeyword.groovy:74)
	at com.kms.katalon.core.webui.keyword.builtin.ClickKeyword.execute(ClickKeyword.groovy:40)
	at com.kms.katalon.core.keyword.internal.KeywordExecutor.executeKeywordForPlatform(KeywordExecutor.groovy:74)
	at com.kms.katalon.core.webui.keyword.WebUiBuiltInKeywords.click(WebUiBuiltInKeywords.groovy:620)
	at com.kms.katalon.core.webui.keyword.WebUiBuiltInKeywords$click$3.call(Unknown Source)
	at Add Account.run(Add Account:42)
	at com.kms.katalon.core.main.ScriptEngine.run(ScriptEngine.java:194)
	at com.kms.katalon.core.main.ScriptEngine.runScriptAsRawText(ScriptEngine.java:119)
	at com.kms.katalon.core.main.TestCaseExecutor.runScript(TestCaseExecutor.java:445)
	at com.kms.katalon.core.main.TestCaseExecutor.doExecute(TestCaseExecutor.java:436)
	at com.kms.katalon.core.main.TestCaseExecutor.processExecutionPhase(TestCaseExecutor.java:415)
	at com.kms.katalon.core.main.TestCaseExecutor.accessMainPhase(TestCaseExecutor.java:407)
	at com.kms.katalon.core.main.TestCaseExecutor.execute(TestCaseExecutor.java:284)
	at com.kms.katalon.core.common.CommonExecutor.accessTestCaseMainPhase(CommonExecutor.java:65)
	at com.kms.katalon.core.main.TestSuiteExecutor.accessTestSuiteMainPhase(TestSuiteExecutor.java:144)
	at com.kms.katalon.core.main.TestSuiteExecutor.execute(TestSuiteExecutor.java:106)
	at com.kms.katalon.core.main.TestCaseMain.startTestSuite(TestCaseMain.java:185)
	at com.kms.katalon.core.main.TestCaseMain$startTestSuite$0.call(Unknown Source)
	at TempTestSuite1650447389741.run(TempTestSuite1650447389741.groovy:36)
Caused by: java.lang.IllegalArgumentException: Object is null
	at com.kms.katalon.core.helper.KeywordHelper.checkTestObjectParameter(KeywordHelper.java:33)
	at com.kms.katalon.core.webui.keyword.builtin.ClickKeyword$_click_closure1.doCall(ClickKeyword.groovy:62)
	at com.kms.katalon.core.webui.keyword.builtin.ClickKeyword$_click_closure1.call(ClickKeyword.groovy)
	at com.kms.katalon.core.webui.keyword.internal.WebUIKeywordMain.runKeyword(WebUIKeywordMain.groovy:20)
	... 19 more]]></system-err>
      </testcase>
      <system-out><![CDATA[2022-04-20 11:36:41 - [TEST_SUITE][FAILED] - Create New User: Test Cases/Add Account FAILED.
Reason:
com.kms.katalon.core.exception.StepFailedException: Unable to click on object
	at com.kms.katalon.core.webui.keyword.internal.WebUIKeywordMain.stepFailed(WebUIKeywordMain.groovy:64)
	at com.kms.katalon.core.webui.keyword.internal.WebUIKeywordMain.runKeyword(WebUIKeywordMain.groovy:26)
	at com.kms.katalon.core.webui.keyword.builtin.ClickKeyword.click(ClickKeyword.groovy:74)
	at com.kms.katalon.core.webui.keyword.builtin.ClickKeyword.execute(ClickKeyword.groovy:40)
	at com.kms.katalon.core.keyword.internal.KeywordExecutor.executeKeywordForPlatform(KeywordExecutor.groovy:74)
	at com.kms.katalon.core.webui.keyword.WebUiBuiltInKeywords.click(WebUiBuiltInKeywords.groovy:620)
	at com.kms.katalon.core.webui.keyword.WebUiBuiltInKeywords$click$3.call(Unknown Source)
	at Add Account.run(Add Account:42)
	at com.kms.katalon.core.main.ScriptEngine.run(ScriptEngine.java:194)
	at com.kms.katalon.core.main.ScriptEngine.runScriptAsRawText(ScriptEngine.java:119)
	at com.kms.katalon.core.main.TestCaseExecutor.runScript(TestCaseExecutor.java:445)
	at com.kms.katalon.core.main.TestCaseExecutor.doExecute(TestCaseExecutor.java:436)
	at com.kms.katalon.core.main.TestCaseExecutor.processExecutionPhase(TestCaseExecutor.java:415)
	at com.kms.katalon.core.main.TestCaseExecutor.accessMainPhase(TestCaseExecutor.java:407)
	at com.kms.katalon.core.main.TestCaseExecutor.execute(TestCaseExecutor.java:284)
	at com.kms.katalon.core.common.CommonExecutor.accessTestCaseMainPhase(CommonExecutor.java:65)
	at com.kms.katalon.core.main.TestSuiteExecutor.accessTestSuiteMainPhase(TestSuiteExecutor.java:144)
	at com.kms.katalon.core.main.TestSuiteExecutor.execute(TestSuiteExecutor.java:106)
	at com.kms.katalon.core.main.TestCaseMain.startTestSuite(TestCaseMain.java:185)
	at com.kms.katalon.core.main.TestCaseMain$startTestSuite$0.call(Unknown Source)
	at TempTestSuite1650447389741.run(TempTestSuite1650447389741.groovy:36)
Caused by: java.lang.IllegalArgumentException: Object is null
	at com.kms.katalon.core.helper.KeywordHelper.checkTestObjectParameter(KeywordHelper.java:33)
	at com.kms.katalon.core.webui.keyword.builtin.ClickKeyword$_click_closure1.doCall(ClickKeyword.groovy:62)
	at com.kms.katalon.core.webui.keyword.builtin.ClickKeyword$_click_closure1.call(ClickKeyword.groovy)
	at com.kms.katalon.core.webui.keyword.internal.WebUIKeywordMain.runKeyword(WebUIKeywordMain.groovy:20)
	... 19 more]]></system-out>
      <system-err><![CDATA[2022-04-20 11:36:41 - [TEST_SUITE][FAILED] - Create New User: Test Cases/Add Account FAILED.
Reason:
com.kms.katalon.core.exception.StepFailedException: Unable to click on object
	at com.kms.katalon.core.webui.keyword.internal.WebUIKeywordMain.stepFailed(WebUIKeywordMain.groovy:64)
	at com.kms.katalon.core.webui.keyword.internal.WebUIKeywordMain.runKeyword(WebUIKeywordMain.groovy:26)
	at com.kms.katalon.core.webui.keyword.builtin.ClickKeyword.click(ClickKeyword.groovy:74)
	at com.kms.katalon.core.webui.keyword.builtin.ClickKeyword.execute(ClickKeyword.groovy:40)
	at com.kms.katalon.core.keyword.internal.KeywordExecutor.executeKeywordForPlatform(KeywordExecutor.groovy:74)
	at com.kms.katalon.core.webui.keyword.WebUiBuiltInKeywords.click(WebUiBuiltInKeywords.groovy:620)
	at com.kms.katalon.core.webui.keyword.WebUiBuiltInKeywords$click$3.call(Unknown Source)
	at Add Account.run(Add Account:42)
	at com.kms.katalon.core.main.ScriptEngine.run(ScriptEngine.java:194)
	at com.kms.katalon.core.main.ScriptEngine.runScriptAsRawText(ScriptEngine.java:119)
	at com.kms.katalon.core.main.TestCaseExecutor.runScript(TestCaseExecutor.java:445)
	at com.kms.katalon.core.main.TestCaseExecutor.doExecute(TestCaseExecutor.java:436)
	at com.kms.katalon.core.main.TestCaseExecutor.processExecutionPhase(TestCaseExecutor.java:415)
	at com.kms.katalon.core.main.TestCaseExecutor.accessMainPhase(TestCaseExecutor.java:407)
	at com.kms.katalon.core.main.TestCaseExecutor.execute(TestCaseExecutor.java:284)
	at com.kms.katalon.core.common.CommonExecutor.accessTestCaseMainPhase(CommonExecutor.java:65)
	at com.kms.katalon.core.main.TestSuiteExecutor.accessTestSuiteMainPhase(TestSuiteExecutor.java:144)
	at com.kms.katalon.core.main.TestSuiteExecutor.execute(TestSuiteExecutor.java:106)
	at com.kms.katalon.core.main.TestCaseMain.startTestSuite(TestCaseMain.java:185)
	at com.kms.katalon.core.main.TestCaseMain$startTestSuite$0.call(Unknown Source)
	at TempTestSuite1650447389741.run(TempTestSuite1650447389741.groovy:36)
Caused by: java.lang.IllegalArgumentException: Object is null
	at com.kms.katalon.core.helper.KeywordHelper.checkTestObjectParameter(KeywordHelper.java:33)
	at com.kms.katalon.core.webui.keyword.builtin.ClickKeyword$_click_closure1.doCall(ClickKeyword.groovy:62)
	at com.kms.katalon.core.webui.keyword.builtin.ClickKeyword$_click_closure1.call(ClickKeyword.groovy)
	at com.kms.katalon.core.webui.keyword.internal.WebUIKeywordMain.runKeyword(WebUIKeywordMain.groovy:20)
	... 19 more]]></system-err>
   </testsuite>
</testsuites>
