<?xml version="1.0" encoding="UTF-8"?>
<testsuites name="Add Bulk Billing" time="31.643" tests="3" failures="1" errors="0">
   <testsuite name="Add Bulk Billing" tests="3" failures="1" errors="0" time="31.643" skipped="0" timestamp="2022-05-16 16:00:02" hostname="sulet - LAPTOP-DQHJD5FF" id="Test Suites/Add Bulk Billing">
      <properties>
         <property name="deviceName" value=""/>
         <property name="devicePlatform" value=""/>
         <property name="logFolder" value="C:\\Users\\sulet\\Katalon Studio\\AdminOnline\\Reports\\20220516_155953\\Add Bulk Billing\\20220516_155954"/>
         <property name="logFiles" value="C:\\Users\\sulet\\Katalon Studio\\AdminOnline\\Reports\\20220516_155953\\Add Bulk Billing\\20220516_155954\\execution0.log"/>
         <property name="attachments" value="C:\\Users\\sulet\\Katalon Studio\\AdminOnline\\Reports\\20220516_155953\\Add Bulk Billing\\20220516_155954\\1652709634280.png"/>
         <property name="hostName" value="sulet - LAPTOP-DQHJD5FF"/>
         <property name="os" value="Windows 10 64bit"/>
         <property name="katalonVersion" value="8.3.0.208"/>
         <property name="browser" value="Chrome 101.0.4951.54"/>
         <property name="hostAddress" value="192.168.3.94"/>
         <property name="sessionId" value="ca1466c0a778a246c3582d73af683b2d"/>
         <property name="seleniumVersion" value="3.141.59"/>
         <property name="proxyInformation" value="ProxyInformation { proxyOption=NO_PROXY, proxyServerType=HTTP, username=, password=********, proxyServerAddress=, proxyServerPort=0, executionList=&quot;&quot;, isApplyToDesiredCapabilities=true }"/>
         <property name="platform" value="Windows 10"/>
      </properties>
      <testcase name="Test Cases/Open Browser" time="0.356" classname="Test Cases/Open Browser" status="PASSED">
         <system-out><![CDATA[2022-05-16 16:00:10 - [TEST_CASE][PASSED] - Test Cases/Open Browser: Test Cases/Open Browser

2022-05-16 16:00:10 - [TEST_STEP][PASSED] - Start listener action : sampleBeforeTestCase: null

2022-05-16 16:00:10 - [TEST_STEP][PASSED] - println(testCaseContext.getTestCaseId()): null

2022-05-16 16:00:10 - [TEST_STEP][PASSED] - println(testCaseContext.getTestCaseVariables()): null

2022-05-16 16:00:10 - [TEST_STEP][PASSED] - verifyMatch(getWindowTitle(), "Test System AdminOnline", false): Actual text 'Test System AdminOnline' and expected text 'Test System AdminOnline' are matched 

2022-05-16 16:00:10 - [MESSAGE][PASSED] - Current window's title is: 'Test System AdminOnline'

2022-05-16 16:00:10 - [MESSAGE][PASSED] - Actual text 'Test System AdminOnline' and expected text 'Test System AdminOnline' are matched 

2022-05-16 16:00:10 - [TEST_STEP][PASSED] - Start listener action : sampleAfterTestCase: null]]></system-out>
         <system-err><![CDATA[]]></system-err>
      </testcase>
      <testcase name="Test Cases/Login" time="10.458" classname="Test Cases/Login" status="PASSED">
         <system-out><![CDATA[2022-05-16 16:00:10 - [TEST_CASE][PASSED] - Test Cases/Login: Test Cases/Login

2022-05-16 16:00:10 - [TEST_STEP][PASSED] - Start listener action : sampleBeforeTestCase: null

2022-05-16 16:00:10 - [TEST_STEP][PASSED] - println(testCaseContext.getTestCaseId()): null

2022-05-16 16:00:10 - [TEST_STEP][PASSED] - println(testCaseContext.getTestCaseVariables()): null

2022-05-16 16:00:11 - [TEST_STEP][PASSED] - sendKeys(findTestObject("Login Home Page/Input_Username"), Username): Keys 'training@iits.co.za' sent to object: 'Object Repository/Login Home Page/Input_Username'

2022-05-16 16:00:11 - [MESSAGE][PASSED] - Keys 'training@iits.co.za' sent to object: 'Object Repository/Login Home Page/Input_Username'

2022-05-16 16:00:11 - [TEST_STEP][PASSED] - sendKeys(findTestObject("Login Home Page/Input_Password"), Password): Keys '123456' sent to object: 'Object Repository/Login Home Page/Input_Password'

2022-05-16 16:00:11 - [MESSAGE][PASSED] - Keys '123456' sent to object: 'Object Repository/Login Home Page/Input_Password'

2022-05-16 16:00:11 - [TEST_STEP][PASSED] - click(findTestObject("Login Home Page/Button_Submit")): Object: 'Object Repository/Login Home Page/Button_Submit' is clicked on

2022-05-16 16:00:21 - [MESSAGE][PASSED] - Object: 'Object Repository/Login Home Page/Button_Submit' is clicked on

2022-05-16 16:00:21 - [TEST_STEP][PASSED] - Start listener action : sampleAfterTestCase: null]]></system-out>
         <system-err><![CDATA[]]></system-err>
      </testcase>
      <testcase name="Test Cases/Add Bulk Billing" time="13.153" classname="Test Cases/Add Bulk Billing" status="FAILED">
         <failure type="FAILED" message="Test Cases/Add Bulk Billing FAILED.
Reason:
com.kms.katalon.core.exception.StepFailedException: Unable to click on image
	at com.kms.katalon.core.webui.keyword.internal.WebUIKeywordMain.stepFailed(WebUIKeywordMain.groovy:64)
	at com.kms.katalon.core.webui.keyword.internal.WebUIKeywordMain.runKeyword(WebUIKeywordMain.groovy:26)
	at com.kms.katalon.core.webui.keyword.builtin.ClickImageKeyword.clickImage(ClickImageKeyword.groovy:90)
	at com.kms.katalon.core.webui.keyword.builtin.ClickImageKeyword.execute(ClickImageKeyword.groovy:67)
	at com.kms.katalon.core.keyword.internal.KeywordExecutor.executeKeywordForPlatform(KeywordExecutor.groovy:74)
	at com.kms.katalon.core.webui.keyword.WebUiBuiltInKeywords.clickImage(WebUiBuiltInKeywords.groovy:2740)
	at com.kms.katalon.core.webui.keyword.WebUiBuiltInKeywords$clickImage$4.call(Unknown Source)
	at Add Bulk Billing.run(Add Bulk Billing:40)
	at com.kms.katalon.core.main.ScriptEngine.run(ScriptEngine.java:194)
	at com.kms.katalon.core.main.ScriptEngine.runScriptAsRawText(ScriptEngine.java:119)
	at com.kms.katalon.core.main.TestCaseExecutor.runScript(TestCaseExecutor.java:445)
	at com.kms.katalon.core.main.TestCaseExecutor.doExecute(TestCaseExecutor.java:436)
	at com.kms.katalon.core.main.TestCaseExecutor.processExecutionPhase(TestCaseExecutor.java:415)
	at com.kms.katalon.core.main.TestCaseExecutor.accessMainPhase(TestCaseExecutor.java:407)
	at com.kms.katalon.core.main.TestCaseExecutor.execute(TestCaseExecutor.java:284)
	at com.kms.katalon.core.common.CommonExecutor.accessTestCaseMainPhase(CommonExecutor.java:65)
	at com.kms.katalon.core.main.TestSuiteExecutor.accessTestSuiteMainPhase(TestSuiteExecutor.java:144)
	at com.kms.katalon.core.main.TestSuiteExecutor.execute(TestSuiteExecutor.java:106)
	at com.kms.katalon.core.main.TestCaseMain.startTestSuite(TestCaseMain.java:185)
	at com.kms.katalon.core.main.TestCaseMain$startTestSuite$0.call(Unknown Source)
	at TempTestSuite1652709594960.run(TempTestSuite1652709594960.groovy:36)
Caused by: java.lang.IllegalArgumentException: This object don't have IMAGE_FILE property, please add it
	at com.kms.katalon.core.webui.keyword.builtin.ClickImageKeyword$_clickImage_closure1.doCall(ClickImageKeyword.groovy:77)
	at com.kms.katalon.core.webui.keyword.builtin.ClickImageKeyword$_clickImage_closure1.call(ClickImageKeyword.groovy)
	at com.kms.katalon.core.webui.keyword.internal.WebUIKeywordMain.runKeyword(WebUIKeywordMain.groovy:20)
	... 19 more
"/>
         <system-out><![CDATA[2022-05-16 16:00:21 - [TEST_CASE][FAILED] - Test Cases/Add Bulk Billing: Test Cases/Add Bulk Billing FAILED.
Reason:
com.kms.katalon.core.exception.StepFailedException: Unable to click on image
	at com.kms.katalon.core.webui.keyword.internal.WebUIKeywordMain.stepFailed(WebUIKeywordMain.groovy:64)
	at com.kms.katalon.core.webui.keyword.internal.WebUIKeywordMain.runKeyword(WebUIKeywordMain.groovy:26)
	at com.kms.katalon.core.webui.keyword.builtin.ClickImageKeyword.clickImage(ClickImageKeyword.groovy:90)
	at com.kms.katalon.core.webui.keyword.builtin.ClickImageKeyword.execute(ClickImageKeyword.groovy:67)
	at com.kms.katalon.core.keyword.internal.KeywordExecutor.executeKeywordForPlatform(KeywordExecutor.groovy:74)
	at com.kms.katalon.core.webui.keyword.WebUiBuiltInKeywords.clickImage(WebUiBuiltInKeywords.groovy:2740)
	at com.kms.katalon.core.webui.keyword.WebUiBuiltInKeywords$clickImage$4.call(Unknown Source)
	at Add Bulk Billing.run(Add Bulk Billing:40)
	at com.kms.katalon.core.main.ScriptEngine.run(ScriptEngine.java:194)
	at com.kms.katalon.core.main.ScriptEngine.runScriptAsRawText(ScriptEngine.java:119)
	at com.kms.katalon.core.main.TestCaseExecutor.runScript(TestCaseExecutor.java:445)
	at com.kms.katalon.core.main.TestCaseExecutor.doExecute(TestCaseExecutor.java:436)
	at com.kms.katalon.core.main.TestCaseExecutor.processExecutionPhase(TestCaseExecutor.java:415)
	at com.kms.katalon.core.main.TestCaseExecutor.accessMainPhase(TestCaseExecutor.java:407)
	at com.kms.katalon.core.main.TestCaseExecutor.execute(TestCaseExecutor.java:284)
	at com.kms.katalon.core.common.CommonExecutor.accessTestCaseMainPhase(CommonExecutor.java:65)
	at com.kms.katalon.core.main.TestSuiteExecutor.accessTestSuiteMainPhase(TestSuiteExecutor.java:144)
	at com.kms.katalon.core.main.TestSuiteExecutor.execute(TestSuiteExecutor.java:106)
	at com.kms.katalon.core.main.TestCaseMain.startTestSuite(TestCaseMain.java:185)
	at com.kms.katalon.core.main.TestCaseMain$startTestSuite$0.call(Unknown Source)
	at TempTestSuite1652709594960.run(TempTestSuite1652709594960.groovy:36)
Caused by: java.lang.IllegalArgumentException: This object don't have IMAGE_FILE property, please add it
	at com.kms.katalon.core.webui.keyword.builtin.ClickImageKeyword$_clickImage_closure1.doCall(ClickImageKeyword.groovy:77)
	at com.kms.katalon.core.webui.keyword.builtin.ClickImageKeyword$_clickImage_closure1.call(ClickImageKeyword.groovy)
	at com.kms.katalon.core.webui.keyword.internal.WebUIKeywordMain.runKeyword(WebUIKeywordMain.groovy:20)
	... 19 more


2022-05-16 16:00:21 - [TEST_STEP][PASSED] - Start listener action : sampleBeforeTestCase: null

2022-05-16 16:00:21 - [TEST_STEP][PASSED] - println(testCaseContext.getTestCaseId()): null

2022-05-16 16:00:21 - [TEST_STEP][PASSED] - println(testCaseContext.getTestCaseVariables()): null

2022-05-16 16:00:21 - [TEST_STEP][PASSED] - click(findTestObject("Page_Main Dashboard/Menu/a_Bulk Billing")): Object: 'Object Repository/Page_Main Dashboard/Menu/a_Bulk Billing' is clicked on

2022-05-16 16:00:22 - [MESSAGE][PASSED] - Object: 'Object Repository/Page_Main Dashboard/Menu/a_Bulk Billing' is clicked on

2022-05-16 16:00:22 - [TEST_STEP][PASSED] - click(findTestObject("Bulk Billing/Button_Add Billing Run")): Object: 'Object Repository/Bulk Billing/Button_Add Billing Run' is clicked on

2022-05-16 16:00:29 - [MESSAGE][PASSED] - Object: 'Object Repository/Bulk Billing/Button_Add Billing Run' is clicked on

2022-05-16 16:00:29 - [TEST_STEP][PASSED] - click(findTestObject("Bulk Billing/Add Billing Run/drop_arrow_Billing Category")): Object: 'Object Repository/Bulk Billing/Add Billing Run/drop_arrow_Billing Category' is clicked on

2022-05-16 16:00:30 - [MESSAGE][PASSED] - Object: 'Object Repository/Bulk Billing/Add Billing Run/drop_arrow_Billing Category' is clicked on

2022-05-16 16:00:30 - [TEST_STEP][PASSED] - click(findTestObject("Bulk Billing/Add Billing Run/drop_Billing Category_Option_Index_1")): Object: 'Object Repository/Bulk Billing/Add Billing Run/drop_Billing Category_Option_Index_1' is clicked on

2022-05-16 16:00:30 - [MESSAGE][PASSED] - Object: 'Object Repository/Bulk Billing/Add Billing Run/drop_Billing Category_Option_Index_1' is clicked on

2022-05-16 16:00:30 - [TEST_STEP][PASSED] - click(findTestObject("Bulk Billing/Add Billing Run/input_From Date Description")): Object: 'Object Repository/Bulk Billing/Add Billing Run/input_From Date Description' is clicked on

2022-05-16 16:00:31 - [MESSAGE][PASSED] - Object: 'Object Repository/Bulk Billing/Add Billing Run/input_From Date Description' is clicked on

2022-05-16 16:00:31 - [TEST_STEP][PASSED] - setText(findTestObject("Bulk Billing/Add Billing Run/input_From Date Description"), "2022-05-01"): Text '2022-05-01' is set on object 'Object Repository/Bulk Billing/Add Billing Run/input_From Date Description'

2022-05-16 16:00:32 - [MESSAGE][PASSED] - Text '2022-05-01' is set on object 'Object Repository/Bulk Billing/Add Billing Run/input_From Date Description'

2022-05-16 16:00:32 - [TEST_STEP][PASSED] - click(findTestObject("Bulk Billing/Add Billing Run/input_To Date Description")): Object: 'Object Repository/Bulk Billing/Add Billing Run/input_To Date Description' is clicked on

2022-05-16 16:00:32 - [MESSAGE][PASSED] - Object: 'Object Repository/Bulk Billing/Add Billing Run/input_To Date Description' is clicked on

2022-05-16 16:00:32 - [TEST_STEP][PASSED] - setText(findTestObject("Bulk Billing/Add Billing Run/input_To Date Description"), "2022-05-31"): Text '2022-05-31' is set on object 'Object Repository/Bulk Billing/Add Billing Run/input_To Date Description'

2022-05-16 16:00:33 - [MESSAGE][PASSED] - Text '2022-05-31' is set on object 'Object Repository/Bulk Billing/Add Billing Run/input_To Date Description'

2022-05-16 16:00:33 - [TEST_STEP][PASSED] - click(findTestObject("Bulk Billing/Add Billing Run/drop_arrow_Service Name")): Object: 'Object Repository/Bulk Billing/Add Billing Run/drop_arrow_Service Name' is clicked on

2022-05-16 16:00:33 - [MESSAGE][PASSED] - Object: 'Object Repository/Bulk Billing/Add Billing Run/drop_arrow_Service Name' is clicked on

2022-05-16 16:00:33 - [TEST_STEP][PASSED] - click(findTestObject("Bulk Billing/Add Billing Run/check_Service Name_Index_0")): Object: 'Object Repository/Bulk Billing/Add Billing Run/check_Service Name_Index_0' is clicked on

2022-05-16 16:00:34 - [MESSAGE][PASSED] - Object: 'Object Repository/Bulk Billing/Add Billing Run/check_Service Name_Index_0' is clicked on

2022-05-16 16:00:34 - [TEST_STEP][FAILED] - clickImage(findTestObject("Bulk Billing/Add Billing Run/label_Service Name")): Unable to click on image (Root cause: com.kms.katalon.core.exception.StepFailedException: Unable to click on image
	at com.kms.katalon.core.webui.keyword.internal.WebUIKeywordMain.stepFailed(WebUIKeywordMain.groovy:64)
	at com.kms.katalon.core.webui.keyword.internal.WebUIKeywordMain.runKeyword(WebUIKeywordMain.groovy:26)
	at com.kms.katalon.core.webui.keyword.builtin.ClickImageKeyword.clickImage(ClickImageKeyword.groovy:90)
	at com.kms.katalon.core.webui.keyword.builtin.ClickImageKeyword.execute(ClickImageKeyword.groovy:67)
	at com.kms.katalon.core.keyword.internal.KeywordExecutor.executeKeywordForPlatform(KeywordExecutor.groovy:74)
	at com.kms.katalon.core.webui.keyword.WebUiBuiltInKeywords.clickImage(WebUiBuiltInKeywords.groovy:2740)
	at com.kms.katalon.core.webui.keyword.WebUiBuiltInKeywords$clickImage$4.call(Unknown Source)
	at Add Bulk Billing.run(Add Bulk Billing:40)
	at com.kms.katalon.core.main.ScriptEngine.run(ScriptEngine.java:194)
	at com.kms.katalon.core.main.ScriptEngine.runScriptAsRawText(ScriptEngine.java:119)
	at com.kms.katalon.core.main.TestCaseExecutor.runScript(TestCaseExecutor.java:445)
	at com.kms.katalon.core.main.TestCaseExecutor.doExecute(TestCaseExecutor.java:436)
	at com.kms.katalon.core.main.TestCaseExecutor.processExecutionPhase(TestCaseExecutor.java:415)
	at com.kms.katalon.core.main.TestCaseExecutor.accessMainPhase(TestCaseExecutor.java:407)
	at com.kms.katalon.core.main.TestCaseExecutor.execute(TestCaseExecutor.java:284)
	at com.kms.katalon.core.common.CommonExecutor.accessTestCaseMainPhase(CommonExecutor.java:65)
	at com.kms.katalon.core.main.TestSuiteExecutor.accessTestSuiteMainPhase(TestSuiteExecutor.java:144)
	at com.kms.katalon.core.main.TestSuiteExecutor.execute(TestSuiteExecutor.java:106)
	at com.kms.katalon.core.main.TestCaseMain.startTestSuite(TestCaseMain.java:185)
	at com.kms.katalon.core.main.TestCaseMain$startTestSuite$0.call(Unknown Source)
	at TempTestSuite1652709594960.run(TempTestSuite1652709594960.groovy:36)
Caused by: java.lang.IllegalArgumentException: This object don't have IMAGE_FILE property, please add it
	at com.kms.katalon.core.webui.keyword.builtin.ClickImageKeyword$_clickImage_closure1.doCall(ClickImageKeyword.groovy:77)
	at com.kms.katalon.core.webui.keyword.builtin.ClickImageKeyword$_clickImage_closure1.call(ClickImageKeyword.groovy)
	at com.kms.katalon.core.webui.keyword.internal.WebUIKeywordMain.runKeyword(WebUIKeywordMain.groovy:20)
	at com.kms.katalon.core.webui.keyword.builtin.ClickImageKeyword.clickImage(ClickImageKeyword.groovy:90)
	at com.kms.katalon.core.webui.keyword.builtin.ClickImageKeyword.execute(ClickImageKeyword.groovy:67)
	at com.kms.katalon.core.keyword.internal.KeywordExecutor.executeKeywordForPlatform(KeywordExecutor.groovy:74)
	at com.kms.katalon.core.webui.keyword.WebUiBuiltInKeywords.clickImage(WebUiBuiltInKeywords.groovy:2740)
	at com.kms.katalon.core.webui.keyword.WebUiBuiltInKeywords$clickImage$4.call(Unknown Source)
	at Script1652350057064.run(Script1652350057064.groovy:40)
	... 13 more
)

2022-05-16 16:00:34 - [MESSAGE][FAILED] - Unable to click on image (Root cause: com.kms.katalon.core.exception.StepFailedException: Unable to click on image
	at com.kms.katalon.core.webui.keyword.internal.WebUIKeywordMain.stepFailed(WebUIKeywordMain.groovy:64)
	at com.kms.katalon.core.webui.keyword.internal.WebUIKeywordMain.runKeyword(WebUIKeywordMain.groovy:26)
	at com.kms.katalon.core.webui.keyword.builtin.ClickImageKeyword.clickImage(ClickImageKeyword.groovy:90)
	at com.kms.katalon.core.webui.keyword.builtin.ClickImageKeyword.execute(ClickImageKeyword.groovy:67)
	at com.kms.katalon.core.keyword.internal.KeywordExecutor.executeKeywordForPlatform(KeywordExecutor.groovy:74)
	at com.kms.katalon.core.webui.keyword.WebUiBuiltInKeywords.clickImage(WebUiBuiltInKeywords.groovy:2740)
	at com.kms.katalon.core.webui.keyword.WebUiBuiltInKeywords$clickImage$4.call(Unknown Source)
	at Add Bulk Billing.run(Add Bulk Billing:40)
	at com.kms.katalon.core.main.ScriptEngine.run(ScriptEngine.java:194)
	at com.kms.katalon.core.main.ScriptEngine.runScriptAsRawText(ScriptEngine.java:119)
	at com.kms.katalon.core.main.TestCaseExecutor.runScript(TestCaseExecutor.java:445)
	at com.kms.katalon.core.main.TestCaseExecutor.doExecute(TestCaseExecutor.java:436)
	at com.kms.katalon.core.main.TestCaseExecutor.processExecutionPhase(TestCaseExecutor.java:415)
	at com.kms.katalon.core.main.TestCaseExecutor.accessMainPhase(TestCaseExecutor.java:407)
	at com.kms.katalon.core.main.TestCaseExecutor.execute(TestCaseExecutor.java:284)
	at com.kms.katalon.core.common.CommonExecutor.accessTestCaseMainPhase(CommonExecutor.java:65)
	at com.kms.katalon.core.main.TestSuiteExecutor.accessTestSuiteMainPhase(TestSuiteExecutor.java:144)
	at com.kms.katalon.core.main.TestSuiteExecutor.execute(TestSuiteExecutor.java:106)
	at com.kms.katalon.core.main.TestCaseMain.startTestSuite(TestCaseMain.java:185)
	at com.kms.katalon.core.main.TestCaseMain$startTestSuite$0.call(Unknown Source)
	at TempTestSuite1652709594960.run(TempTestSuite1652709594960.groovy:36)
Caused by: java.lang.IllegalArgumentException: This object don't have IMAGE_FILE property, please add it
	at com.kms.katalon.core.webui.keyword.builtin.ClickImageKeyword$_clickImage_closure1.doCall(ClickImageKeyword.groovy:77)
	at com.kms.katalon.core.webui.keyword.builtin.ClickImageKeyword$_clickImage_closure1.call(ClickImageKeyword.groovy)
	at com.kms.katalon.core.webui.keyword.internal.WebUIKeywordMain.runKeyword(WebUIKeywordMain.groovy:20)
	at com.kms.katalon.core.webui.keyword.builtin.ClickImageKeyword.clickImage(ClickImageKeyword.groovy:90)
	at com.kms.katalon.core.webui.keyword.builtin.ClickImageKeyword.execute(ClickImageKeyword.groovy:67)
	at com.kms.katalon.core.keyword.internal.KeywordExecutor.executeKeywordForPlatform(KeywordExecutor.groovy:74)
	at com.kms.katalon.core.webui.keyword.WebUiBuiltInKeywords.clickImage(WebUiBuiltInKeywords.groovy:2740)
	at com.kms.katalon.core.webui.keyword.WebUiBuiltInKeywords$clickImage$4.call(Unknown Source)
	at Script1652350057064.run(Script1652350057064.groovy:40)
	... 13 more
)
[[ATTACHMENT|C:\\Users\\sulet\\Katalon Studio\\AdminOnline\\Reports\\20220516_155953\\Add Bulk Billing\\20220516_155954\\1652709634280.png]]

2022-05-16 16:00:34 - [TEST_STEP][PASSED] - Start listener action : sampleAfterTestCase: null]]></system-out>
         <system-err><![CDATA[2022-05-16 16:00:21 - [TEST_CASE][FAILED] - Test Cases/Add Bulk Billing: Test Cases/Add Bulk Billing FAILED.
Reason:
com.kms.katalon.core.exception.StepFailedException: Unable to click on image
	at com.kms.katalon.core.webui.keyword.internal.WebUIKeywordMain.stepFailed(WebUIKeywordMain.groovy:64)
	at com.kms.katalon.core.webui.keyword.internal.WebUIKeywordMain.runKeyword(WebUIKeywordMain.groovy:26)
	at com.kms.katalon.core.webui.keyword.builtin.ClickImageKeyword.clickImage(ClickImageKeyword.groovy:90)
	at com.kms.katalon.core.webui.keyword.builtin.ClickImageKeyword.execute(ClickImageKeyword.groovy:67)
	at com.kms.katalon.core.keyword.internal.KeywordExecutor.executeKeywordForPlatform(KeywordExecutor.groovy:74)
	at com.kms.katalon.core.webui.keyword.WebUiBuiltInKeywords.clickImage(WebUiBuiltInKeywords.groovy:2740)
	at com.kms.katalon.core.webui.keyword.WebUiBuiltInKeywords$clickImage$4.call(Unknown Source)
	at Add Bulk Billing.run(Add Bulk Billing:40)
	at com.kms.katalon.core.main.ScriptEngine.run(ScriptEngine.java:194)
	at com.kms.katalon.core.main.ScriptEngine.runScriptAsRawText(ScriptEngine.java:119)
	at com.kms.katalon.core.main.TestCaseExecutor.runScript(TestCaseExecutor.java:445)
	at com.kms.katalon.core.main.TestCaseExecutor.doExecute(TestCaseExecutor.java:436)
	at com.kms.katalon.core.main.TestCaseExecutor.processExecutionPhase(TestCaseExecutor.java:415)
	at com.kms.katalon.core.main.TestCaseExecutor.accessMainPhase(TestCaseExecutor.java:407)
	at com.kms.katalon.core.main.TestCaseExecutor.execute(TestCaseExecutor.java:284)
	at com.kms.katalon.core.common.CommonExecutor.accessTestCaseMainPhase(CommonExecutor.java:65)
	at com.kms.katalon.core.main.TestSuiteExecutor.accessTestSuiteMainPhase(TestSuiteExecutor.java:144)
	at com.kms.katalon.core.main.TestSuiteExecutor.execute(TestSuiteExecutor.java:106)
	at com.kms.katalon.core.main.TestCaseMain.startTestSuite(TestCaseMain.java:185)
	at com.kms.katalon.core.main.TestCaseMain$startTestSuite$0.call(Unknown Source)
	at TempTestSuite1652709594960.run(TempTestSuite1652709594960.groovy:36)
Caused by: java.lang.IllegalArgumentException: This object don't have IMAGE_FILE property, please add it
	at com.kms.katalon.core.webui.keyword.builtin.ClickImageKeyword$_clickImage_closure1.doCall(ClickImageKeyword.groovy:77)
	at com.kms.katalon.core.webui.keyword.builtin.ClickImageKeyword$_clickImage_closure1.call(ClickImageKeyword.groovy)
	at com.kms.katalon.core.webui.keyword.internal.WebUIKeywordMain.runKeyword(WebUIKeywordMain.groovy:20)
	... 19 more]]></system-err>
      </testcase>
      <system-out><![CDATA[2022-05-16 16:00:02 - [TEST_SUITE][FAILED] - Add Bulk Billing: Test Cases/Add Bulk Billing FAILED.
Reason:
com.kms.katalon.core.exception.StepFailedException: Unable to click on image
	at com.kms.katalon.core.webui.keyword.internal.WebUIKeywordMain.stepFailed(WebUIKeywordMain.groovy:64)
	at com.kms.katalon.core.webui.keyword.internal.WebUIKeywordMain.runKeyword(WebUIKeywordMain.groovy:26)
	at com.kms.katalon.core.webui.keyword.builtin.ClickImageKeyword.clickImage(ClickImageKeyword.groovy:90)
	at com.kms.katalon.core.webui.keyword.builtin.ClickImageKeyword.execute(ClickImageKeyword.groovy:67)
	at com.kms.katalon.core.keyword.internal.KeywordExecutor.executeKeywordForPlatform(KeywordExecutor.groovy:74)
	at com.kms.katalon.core.webui.keyword.WebUiBuiltInKeywords.clickImage(WebUiBuiltInKeywords.groovy:2740)
	at com.kms.katalon.core.webui.keyword.WebUiBuiltInKeywords$clickImage$4.call(Unknown Source)
	at Add Bulk Billing.run(Add Bulk Billing:40)
	at com.kms.katalon.core.main.ScriptEngine.run(ScriptEngine.java:194)
	at com.kms.katalon.core.main.ScriptEngine.runScriptAsRawText(ScriptEngine.java:119)
	at com.kms.katalon.core.main.TestCaseExecutor.runScript(TestCaseExecutor.java:445)
	at com.kms.katalon.core.main.TestCaseExecutor.doExecute(TestCaseExecutor.java:436)
	at com.kms.katalon.core.main.TestCaseExecutor.processExecutionPhase(TestCaseExecutor.java:415)
	at com.kms.katalon.core.main.TestCaseExecutor.accessMainPhase(TestCaseExecutor.java:407)
	at com.kms.katalon.core.main.TestCaseExecutor.execute(TestCaseExecutor.java:284)
	at com.kms.katalon.core.common.CommonExecutor.accessTestCaseMainPhase(CommonExecutor.java:65)
	at com.kms.katalon.core.main.TestSuiteExecutor.accessTestSuiteMainPhase(TestSuiteExecutor.java:144)
	at com.kms.katalon.core.main.TestSuiteExecutor.execute(TestSuiteExecutor.java:106)
	at com.kms.katalon.core.main.TestCaseMain.startTestSuite(TestCaseMain.java:185)
	at com.kms.katalon.core.main.TestCaseMain$startTestSuite$0.call(Unknown Source)
	at TempTestSuite1652709594960.run(TempTestSuite1652709594960.groovy:36)
Caused by: java.lang.IllegalArgumentException: This object don't have IMAGE_FILE property, please add it
	at com.kms.katalon.core.webui.keyword.builtin.ClickImageKeyword$_clickImage_closure1.doCall(ClickImageKeyword.groovy:77)
	at com.kms.katalon.core.webui.keyword.builtin.ClickImageKeyword$_clickImage_closure1.call(ClickImageKeyword.groovy)
	at com.kms.katalon.core.webui.keyword.internal.WebUIKeywordMain.runKeyword(WebUIKeywordMain.groovy:20)
	... 19 more]]></system-out>
      <system-err><![CDATA[2022-05-16 16:00:02 - [TEST_SUITE][FAILED] - Add Bulk Billing: Test Cases/Add Bulk Billing FAILED.
Reason:
com.kms.katalon.core.exception.StepFailedException: Unable to click on image
	at com.kms.katalon.core.webui.keyword.internal.WebUIKeywordMain.stepFailed(WebUIKeywordMain.groovy:64)
	at com.kms.katalon.core.webui.keyword.internal.WebUIKeywordMain.runKeyword(WebUIKeywordMain.groovy:26)
	at com.kms.katalon.core.webui.keyword.builtin.ClickImageKeyword.clickImage(ClickImageKeyword.groovy:90)
	at com.kms.katalon.core.webui.keyword.builtin.ClickImageKeyword.execute(ClickImageKeyword.groovy:67)
	at com.kms.katalon.core.keyword.internal.KeywordExecutor.executeKeywordForPlatform(KeywordExecutor.groovy:74)
	at com.kms.katalon.core.webui.keyword.WebUiBuiltInKeywords.clickImage(WebUiBuiltInKeywords.groovy:2740)
	at com.kms.katalon.core.webui.keyword.WebUiBuiltInKeywords$clickImage$4.call(Unknown Source)
	at Add Bulk Billing.run(Add Bulk Billing:40)
	at com.kms.katalon.core.main.ScriptEngine.run(ScriptEngine.java:194)
	at com.kms.katalon.core.main.ScriptEngine.runScriptAsRawText(ScriptEngine.java:119)
	at com.kms.katalon.core.main.TestCaseExecutor.runScript(TestCaseExecutor.java:445)
	at com.kms.katalon.core.main.TestCaseExecutor.doExecute(TestCaseExecutor.java:436)
	at com.kms.katalon.core.main.TestCaseExecutor.processExecutionPhase(TestCaseExecutor.java:415)
	at com.kms.katalon.core.main.TestCaseExecutor.accessMainPhase(TestCaseExecutor.java:407)
	at com.kms.katalon.core.main.TestCaseExecutor.execute(TestCaseExecutor.java:284)
	at com.kms.katalon.core.common.CommonExecutor.accessTestCaseMainPhase(CommonExecutor.java:65)
	at com.kms.katalon.core.main.TestSuiteExecutor.accessTestSuiteMainPhase(TestSuiteExecutor.java:144)
	at com.kms.katalon.core.main.TestSuiteExecutor.execute(TestSuiteExecutor.java:106)
	at com.kms.katalon.core.main.TestCaseMain.startTestSuite(TestCaseMain.java:185)
	at com.kms.katalon.core.main.TestCaseMain$startTestSuite$0.call(Unknown Source)
	at TempTestSuite1652709594960.run(TempTestSuite1652709594960.groovy:36)
Caused by: java.lang.IllegalArgumentException: This object don't have IMAGE_FILE property, please add it
	at com.kms.katalon.core.webui.keyword.builtin.ClickImageKeyword$_clickImage_closure1.doCall(ClickImageKeyword.groovy:77)
	at com.kms.katalon.core.webui.keyword.builtin.ClickImageKeyword$_clickImage_closure1.call(ClickImageKeyword.groovy)
	at com.kms.katalon.core.webui.keyword.internal.WebUIKeywordMain.runKeyword(WebUIKeywordMain.groovy:20)
	... 19 more]]></system-err>
   </testsuite>
</testsuites>
