<?xml version="1.0" encoding="UTF-8"?>
<testsuites name="Create New User" time="21.042" tests="2" failures="0" errors="0">
   <testsuite name="Create New User" tests="2" failures="0" errors="0" time="21.042" skipped="0" timestamp="2022-03-14 12:14:52" hostname="sulet - LAPTOP-DQHJD5FF" id="Test Suites/Create New User">
      <properties>
         <property name="deviceName" value=""/>
         <property name="devicePlatform" value=""/>
         <property name="logFolder" value="C:\\Users\\sulet\\Katalon Studio\\AdminOnline\\Reports\\20220314_121440\\Create New User\\20220314_121440"/>
         <property name="logFiles" value="C:\\Users\\sulet\\Katalon Studio\\AdminOnline\\Reports\\20220314_121440\\Create New User\\20220314_121440\\execution0.log"/>
         <property name="attachments" value=""/>
         <property name="hostName" value="sulet - LAPTOP-DQHJD5FF"/>
         <property name="os" value="Windows 10 64bit"/>
         <property name="katalonVersion" value="8.2.5.208"/>
         <property name="browser" value="Chrome 99.0.4844.51"/>
         <property name="hostAddress" value="192.168.3.94"/>
         <property name="sessionId" value="8993d0e6e6aec33ef2100dec71914feb"/>
         <property name="seleniumVersion" value="3.141.59"/>
         <property name="proxyInformation" value="ProxyInformation { proxyOption=NO_PROXY, proxyServerType=HTTP, username=, password=********, proxyServerAddress=, proxyServerPort=0, executionList=&quot;&quot;, isApplyToDesiredCapabilities=true }"/>
         <property name="platform" value="Windows 10"/>
      </properties>
      <testcase name="Test Cases/Open Browser" time="0.981" classname="Test Cases/Open Browser" status="PASSED">
         <system-out><![CDATA[2022-03-14 12:15:01 - [TEST_CASE][PASSED] - Test Cases/Open Browser: Test Cases/Open Browser

2022-03-14 12:15:01 - [TEST_STEP][PASSED] - Start listener action : sampleBeforeTestCase: null

2022-03-14 12:15:01 - [TEST_STEP][PASSED] - println(testCaseContext.getTestCaseId()): null

2022-03-14 12:15:01 - [TEST_STEP][PASSED] - println(testCaseContext.getTestCaseVariables()): null

2022-03-14 12:15:01 - [TEST_STEP][PASSED] - verifyMatch(getWindowTitle(), "Test System AdminOnline", false): Actual text 'Test System AdminOnline' and expected text 'Test System AdminOnline' are matched 

2022-03-14 12:15:01 - [MESSAGE][PASSED] - Current window's title is: 'Test System AdminOnline'

2022-03-14 12:15:01 - [MESSAGE][PASSED] - Actual text 'Test System AdminOnline' and expected text 'Test System AdminOnline' are matched 

2022-03-14 12:15:01 - [TEST_STEP][ERROR] - Start listener action : sampleAfterTestCase: com.kms.katalon.core.exception.StepFailedException: Cannot take screenshot
	at com.kms.katalon.core.webui.keyword.internal.WebUIKeywordMain.stepFailed(WebUIKeywordMain.groovy:64)
	at com.kms.katalon.core.webui.keyword.internal.WebUIKeywordMain.runKeyword(WebUIKeywordMain.groovy:26)
	at com.kms.katalon.core.webui.keyword.builtin.TakeScreenshotKeyword.takeScreenshot(TakeScreenshotKeyword.groovy:126)
	at com.kms.katalon.core.webui.keyword.builtin.TakeScreenshotKeyword.execute(TakeScreenshotKeyword.groovy:84)
	at com.kms.katalon.core.keyword.internal.KeywordExecutor.executeKeywordForPlatform(KeywordExecutor.groovy:74)
	at com.kms.katalon.core.webui.keyword.WebUiBuiltInKeywords.takeScreenshot(WebUiBuiltInKeywords.groovy:2927)
	at com.kms.katalon.core.webui.keyword.WebUiBuiltInKeywords$takeScreenshot$1.call(Unknown Source)
	at GeneralTestListener.sampleAfterTestCase(GeneralTestListener.groovy:48)
	at GeneralTestListener.invokeMethod(GeneralTestListener.groovy)
	at com.kms.katalon.core.context.internal.TestHooker.invokeMethod(TestHooker.java:111)
	at com.kms.katalon.core.context.internal.TestHooker.lambda$3(TestHooker.java:95)
	at com.kms.katalon.core.context.internal.TestHooker.invokeContextMethods(TestHooker.java:94)
	at com.kms.katalon.core.context.internal.TestListenerCollector.lambda$3(TestListenerCollector.java:88)
	at com.kms.katalon.core.context.internal.TestListenerCollector.handleListenerEvent(TestListenerCollector.java:85)
	at com.kms.katalon.core.context.internal.ExecutionEventManager.publicEvent(ExecutionEventManager.java:36)
	at com.kms.katalon.core.main.TestCaseExecutor.execute(TestCaseExecutor.java:311)
	at com.kms.katalon.core.main.TestSuiteExecutor.accessTestCaseMainPhase(TestSuiteExecutor.java:202)
	at com.kms.katalon.core.main.TestSuiteExecutor.accessTestSuiteMainPhase(TestSuiteExecutor.java:164)
	at com.kms.katalon.core.main.TestSuiteExecutor.execute(TestSuiteExecutor.java:105)
	at com.kms.katalon.core.main.TestCaseMain.startTestSuite(TestCaseMain.java:185)
	at com.kms.katalon.core.main.TestCaseMain$startTestSuite$0.call(Unknown Source)
	at TempTestSuite1647252880586.run(TempTestSuite1647252880586.groovy:36)
Caused by: java.io.IOException: The filename, directory name, or volume label syntax is incorrect
	at org.apache.commons.io.FileUtils.copyFile(FileUtils.java:1064)
	at com.kms.katalon.core.webui.util.FileUtil.takeDefaultScreenshot(FileUtil.java:333)
	at com.kms.katalon.core.webui.util.FileUtil.takesScreenshot(FileUtil.java:58)
	at com.kms.katalon.core.webui.keyword.builtin.TakeScreenshotKeyword$_takeScreenshot_closure1.doCall(TakeScreenshotKeyword.groovy:127)
	at com.kms.katalon.core.webui.keyword.builtin.TakeScreenshotKeyword$_takeScreenshot_closure1.call(TakeScreenshotKeyword.groovy)
	at com.kms.katalon.core.webui.keyword.internal.WebUIKeywordMain.runKeyword(WebUIKeywordMain.groovy:20)
	... 20 more


2022-03-14 12:15:01 - [TEST_STEP][PASSED] - dt = LocalDateTime.now(): null

2022-03-14 12:15:01 - [TEST_STEP][PASSED] - path = "screenshots/" + testCaseId.replace("/", "-") + dt + ".png": null

2022-03-14 12:15:01 - [TEST_STEP][ERROR] - takeScreenshot(path): com.kms.katalon.core.exception.StepFailedException: Cannot take screenshot
	at com.kms.katalon.core.webui.keyword.internal.WebUIKeywordMain.stepFailed(WebUIKeywordMain.groovy:64)
	at com.kms.katalon.core.webui.keyword.internal.WebUIKeywordMain.runKeyword(WebUIKeywordMain.groovy:26)
	at com.kms.katalon.core.webui.keyword.builtin.TakeScreenshotKeyword.takeScreenshot(TakeScreenshotKeyword.groovy:126)
	at com.kms.katalon.core.webui.keyword.builtin.TakeScreenshotKeyword.execute(TakeScreenshotKeyword.groovy:84)
	at com.kms.katalon.core.keyword.internal.KeywordExecutor.executeKeywordForPlatform(KeywordExecutor.groovy:74)
	at com.kms.katalon.core.webui.keyword.WebUiBuiltInKeywords.takeScreenshot(WebUiBuiltInKeywords.groovy:2927)
	at com.kms.katalon.core.webui.keyword.WebUiBuiltInKeywords$takeScreenshot$1.call(Unknown Source)
	at GeneralTestListener.sampleAfterTestCase(GeneralTestListener.groovy:48)
	at GeneralTestListener.invokeMethod(GeneralTestListener.groovy)
	at com.kms.katalon.core.context.internal.TestHooker.invokeMethod(TestHooker.java:111)
	at com.kms.katalon.core.context.internal.TestHooker.lambda$3(TestHooker.java:95)
	at com.kms.katalon.core.context.internal.TestHooker.invokeContextMethods(TestHooker.java:94)
	at com.kms.katalon.core.context.internal.TestListenerCollector.lambda$3(TestListenerCollector.java:88)
	at com.kms.katalon.core.context.internal.TestListenerCollector.handleListenerEvent(TestListenerCollector.java:85)
	at com.kms.katalon.core.context.internal.ExecutionEventManager.publicEvent(ExecutionEventManager.java:36)
	at com.kms.katalon.core.main.TestCaseExecutor.execute(TestCaseExecutor.java:311)
	at com.kms.katalon.core.main.TestSuiteExecutor.accessTestCaseMainPhase(TestSuiteExecutor.java:202)
	at com.kms.katalon.core.main.TestSuiteExecutor.accessTestSuiteMainPhase(TestSuiteExecutor.java:164)
	at com.kms.katalon.core.main.TestSuiteExecutor.execute(TestSuiteExecutor.java:105)
	at com.kms.katalon.core.main.TestCaseMain.startTestSuite(TestCaseMain.java:185)
	at com.kms.katalon.core.main.TestCaseMain$startTestSuite$0.call(Unknown Source)
	at TempTestSuite1647252880586.run(TempTestSuite1647252880586.groovy:36)
Caused by: java.io.IOException: The filename, directory name, or volume label syntax is incorrect
	at org.apache.commons.io.FileUtils.copyFile(FileUtils.java:1064)
	at com.kms.katalon.core.webui.util.FileUtil.takeDefaultScreenshot(FileUtil.java:333)
	at com.kms.katalon.core.webui.util.FileUtil.takesScreenshot(FileUtil.java:58)
	at com.kms.katalon.core.webui.keyword.builtin.TakeScreenshotKeyword$_takeScreenshot_closure1.doCall(TakeScreenshotKeyword.groovy:127)
	at com.kms.katalon.core.webui.keyword.builtin.TakeScreenshotKeyword$_takeScreenshot_closure1.call(TakeScreenshotKeyword.groovy)
	at com.kms.katalon.core.webui.keyword.internal.WebUIKeywordMain.runKeyword(WebUIKeywordMain.groovy:20)
	... 20 more


2022-03-14 12:15:02 - [MESSAGE][FAILED] - Cannot take screenshot (Root cause: com.kms.katalon.core.exception.StepFailedException: Cannot take screenshot
	at com.kms.katalon.core.webui.keyword.internal.WebUIKeywordMain.stepFailed(WebUIKeywordMain.groovy:64)
	at com.kms.katalon.core.webui.keyword.internal.WebUIKeywordMain.runKeyword(WebUIKeywordMain.groovy:26)
	at com.kms.katalon.core.webui.keyword.builtin.TakeScreenshotKeyword.takeScreenshot(TakeScreenshotKeyword.groovy:126)
	at com.kms.katalon.core.webui.keyword.builtin.TakeScreenshotKeyword.execute(TakeScreenshotKeyword.groovy:84)
	at com.kms.katalon.core.keyword.internal.KeywordExecutor.executeKeywordForPlatform(KeywordExecutor.groovy:74)
	at com.kms.katalon.core.webui.keyword.WebUiBuiltInKeywords.takeScreenshot(WebUiBuiltInKeywords.groovy:2927)
	at com.kms.katalon.core.webui.keyword.WebUiBuiltInKeywords$takeScreenshot$1.call(Unknown Source)
	at GeneralTestListener.sampleAfterTestCase(GeneralTestListener.groovy:48)
	at GeneralTestListener.invokeMethod(GeneralTestListener.groovy)
	at com.kms.katalon.core.context.internal.TestHooker.invokeMethod(TestHooker.java:111)
	at com.kms.katalon.core.context.internal.TestHooker.lambda$3(TestHooker.java:95)
	at com.kms.katalon.core.context.internal.TestHooker.invokeContextMethods(TestHooker.java:94)
	at com.kms.katalon.core.context.internal.TestListenerCollector.lambda$3(TestListenerCollector.java:88)
	at com.kms.katalon.core.context.internal.TestListenerCollector.handleListenerEvent(TestListenerCollector.java:85)
	at com.kms.katalon.core.context.internal.ExecutionEventManager.publicEvent(ExecutionEventManager.java:36)
	at com.kms.katalon.core.main.TestCaseExecutor.execute(TestCaseExecutor.java:311)
	at com.kms.katalon.core.main.TestSuiteExecutor.accessTestCaseMainPhase(TestSuiteExecutor.java:202)
	at com.kms.katalon.core.main.TestSuiteExecutor.accessTestSuiteMainPhase(TestSuiteExecutor.java:164)
	at com.kms.katalon.core.main.TestSuiteExecutor.execute(TestSuiteExecutor.java:105)
	at com.kms.katalon.core.main.TestCaseMain.startTestSuite(TestCaseMain.java:185)
	at com.kms.katalon.core.main.TestCaseMain$startTestSuite$0.call(Unknown Source)
	at TempTestSuite1647252880586.run(TempTestSuite1647252880586.groovy:36)
Caused by: java.io.IOException: The filename, directory name, or volume label syntax is incorrect
	at org.apache.commons.io.FileUtils.copyFile(FileUtils.java:1064)
	at com.kms.katalon.core.webui.util.FileUtil.takeDefaultScreenshot(FileUtil.java:333)
	at com.kms.katalon.core.webui.util.FileUtil.takesScreenshot(FileUtil.java:58)
	at com.kms.katalon.core.webui.keyword.builtin.TakeScreenshotKeyword$_takeScreenshot_closure1.doCall(TakeScreenshotKeyword.groovy:127)
	at com.kms.katalon.core.webui.keyword.builtin.TakeScreenshotKeyword$_takeScreenshot_closure1.call(TakeScreenshotKeyword.groovy)
	at com.kms.katalon.core.webui.keyword.internal.WebUIKeywordMain.runKeyword(WebUIKeywordMain.groovy:20)
	... 20 more
)

2022-03-14 12:15:02 - [MESSAGE][ERROR] - com.kms.katalon.core.exception.StepFailedException: Cannot take screenshot
	at com.kms.katalon.core.webui.keyword.internal.WebUIKeywordMain.stepFailed(WebUIKeywordMain.groovy:64)
	at com.kms.katalon.core.webui.keyword.internal.WebUIKeywordMain.runKeyword(WebUIKeywordMain.groovy:26)
	at com.kms.katalon.core.webui.keyword.builtin.TakeScreenshotKeyword.takeScreenshot(TakeScreenshotKeyword.groovy:126)
	at com.kms.katalon.core.webui.keyword.builtin.TakeScreenshotKeyword.execute(TakeScreenshotKeyword.groovy:84)
	at com.kms.katalon.core.keyword.internal.KeywordExecutor.executeKeywordForPlatform(KeywordExecutor.groovy:74)
	at com.kms.katalon.core.webui.keyword.WebUiBuiltInKeywords.takeScreenshot(WebUiBuiltInKeywords.groovy:2927)
	at com.kms.katalon.core.webui.keyword.WebUiBuiltInKeywords$takeScreenshot$1.call(Unknown Source)
	at GeneralTestListener.sampleAfterTestCase(GeneralTestListener.groovy:48)
	at GeneralTestListener.invokeMethod(GeneralTestListener.groovy)
	at com.kms.katalon.core.context.internal.TestHooker.invokeMethod(TestHooker.java:111)
	at com.kms.katalon.core.context.internal.TestHooker.lambda$3(TestHooker.java:95)
	at com.kms.katalon.core.context.internal.TestHooker.invokeContextMethods(TestHooker.java:94)
	at com.kms.katalon.core.context.internal.TestListenerCollector.lambda$3(TestListenerCollector.java:88)
	at com.kms.katalon.core.context.internal.TestListenerCollector.handleListenerEvent(TestListenerCollector.java:85)
	at com.kms.katalon.core.context.internal.ExecutionEventManager.publicEvent(ExecutionEventManager.java:36)
	at com.kms.katalon.core.main.TestCaseExecutor.execute(TestCaseExecutor.java:311)
	at com.kms.katalon.core.main.TestSuiteExecutor.accessTestCaseMainPhase(TestSuiteExecutor.java:202)
	at com.kms.katalon.core.main.TestSuiteExecutor.accessTestSuiteMainPhase(TestSuiteExecutor.java:164)
	at com.kms.katalon.core.main.TestSuiteExecutor.execute(TestSuiteExecutor.java:105)
	at com.kms.katalon.core.main.TestCaseMain.startTestSuite(TestCaseMain.java:185)
	at com.kms.katalon.core.main.TestCaseMain$startTestSuite$0.call(Unknown Source)
	at TempTestSuite1647252880586.run(TempTestSuite1647252880586.groovy:36)
Caused by: java.io.IOException: The filename, directory name, or volume label syntax is incorrect
	at org.apache.commons.io.FileUtils.copyFile(FileUtils.java:1064)
	at com.kms.katalon.core.webui.util.FileUtil.takeDefaultScreenshot(FileUtil.java:333)
	at com.kms.katalon.core.webui.util.FileUtil.takesScreenshot(FileUtil.java:58)
	at com.kms.katalon.core.webui.keyword.builtin.TakeScreenshotKeyword$_takeScreenshot_closure1.doCall(TakeScreenshotKeyword.groovy:127)
	at com.kms.katalon.core.webui.keyword.builtin.TakeScreenshotKeyword$_takeScreenshot_closure1.call(TakeScreenshotKeyword.groovy)
	at com.kms.katalon.core.webui.keyword.internal.WebUIKeywordMain.runKeyword(WebUIKeywordMain.groovy:20)
	... 20 more]]></system-out>
         <system-err><![CDATA[]]></system-err>
      </testcase>
      <testcase name="Test Cases/Login" time="10.879" classname="Test Cases/Login" status="PASSED">
         <system-out><![CDATA[2022-03-14 12:15:02 - [TEST_CASE][PASSED] - Test Cases/Login: Test Cases/Login

2022-03-14 12:15:02 - [TEST_STEP][PASSED] - Start listener action : sampleBeforeTestCase: null

2022-03-14 12:15:02 - [TEST_STEP][PASSED] - println(testCaseContext.getTestCaseId()): null

2022-03-14 12:15:02 - [TEST_STEP][PASSED] - println(testCaseContext.getTestCaseVariables()): null

2022-03-14 12:15:02 - [TEST_STEP][PASSED] - sendKeys(findTestObject("Object Repository/Login Home Page/Login Username"), Username): Keys 'training@iits.co.za' sent to object: 'Object Repository/Login Home Page/Login Username'

2022-03-14 12:15:03 - [MESSAGE][PASSED] - Keys 'training@iits.co.za' sent to object: 'Object Repository/Login Home Page/Login Username'

2022-03-14 12:15:03 - [TEST_STEP][PASSED] - sendKeys(findTestObject("Object Repository/Login Home Page/Login Password"), Password): Keys '123456' sent to object: 'Object Repository/Login Home Page/Login Password'

2022-03-14 12:15:03 - [MESSAGE][PASSED] - Keys '123456' sent to object: 'Object Repository/Login Home Page/Login Password'

2022-03-14 12:15:03 - [TEST_STEP][PASSED] - click(findTestObject("Object Repository/Login Home Page/Login Submit")): Object: 'Object Repository/Login Home Page/Login Submit' is clicked on

2022-03-14 12:15:12 - [MESSAGE][PASSED] - Object: 'Object Repository/Login Home Page/Login Submit' is clicked on

2022-03-14 12:15:12 - [TEST_STEP][ERROR] - Start listener action : sampleAfterTestCase: com.kms.katalon.core.exception.StepFailedException: Cannot take screenshot
	at com.kms.katalon.core.webui.keyword.internal.WebUIKeywordMain.stepFailed(WebUIKeywordMain.groovy:64)
	at com.kms.katalon.core.webui.keyword.internal.WebUIKeywordMain.runKeyword(WebUIKeywordMain.groovy:26)
	at com.kms.katalon.core.webui.keyword.builtin.TakeScreenshotKeyword.takeScreenshot(TakeScreenshotKeyword.groovy:126)
	at com.kms.katalon.core.webui.keyword.builtin.TakeScreenshotKeyword.execute(TakeScreenshotKeyword.groovy:84)
	at com.kms.katalon.core.keyword.internal.KeywordExecutor.executeKeywordForPlatform(KeywordExecutor.groovy:74)
	at com.kms.katalon.core.webui.keyword.WebUiBuiltInKeywords.takeScreenshot(WebUiBuiltInKeywords.groovy:2927)
	at com.kms.katalon.core.webui.keyword.WebUiBuiltInKeywords$takeScreenshot$1.call(Unknown Source)
	at GeneralTestListener.sampleAfterTestCase(GeneralTestListener.groovy:48)
	at GeneralTestListener.invokeMethod(GeneralTestListener.groovy)
	at com.kms.katalon.core.context.internal.TestHooker.invokeMethod(TestHooker.java:111)
	at com.kms.katalon.core.context.internal.TestHooker.lambda$3(TestHooker.java:95)
	at com.kms.katalon.core.context.internal.TestHooker.invokeContextMethods(TestHooker.java:94)
	at com.kms.katalon.core.context.internal.TestListenerCollector.lambda$3(TestListenerCollector.java:88)
	at com.kms.katalon.core.context.internal.TestListenerCollector.handleListenerEvent(TestListenerCollector.java:85)
	at com.kms.katalon.core.context.internal.ExecutionEventManager.publicEvent(ExecutionEventManager.java:36)
	at com.kms.katalon.core.main.TestCaseExecutor.execute(TestCaseExecutor.java:311)
	at com.kms.katalon.core.main.TestSuiteExecutor.accessTestCaseMainPhase(TestSuiteExecutor.java:202)
	at com.kms.katalon.core.main.TestSuiteExecutor.accessTestSuiteMainPhase(TestSuiteExecutor.java:164)
	at com.kms.katalon.core.main.TestSuiteExecutor.execute(TestSuiteExecutor.java:105)
	at com.kms.katalon.core.main.TestCaseMain.startTestSuite(TestCaseMain.java:185)
	at com.kms.katalon.core.main.TestCaseMain$startTestSuite$0.call(Unknown Source)
	at TempTestSuite1647252880586.run(TempTestSuite1647252880586.groovy:36)
Caused by: java.io.IOException: The filename, directory name, or volume label syntax is incorrect
	at org.apache.commons.io.FileUtils.copyFile(FileUtils.java:1064)
	at com.kms.katalon.core.webui.util.FileUtil.takeDefaultScreenshot(FileUtil.java:333)
	at com.kms.katalon.core.webui.util.FileUtil.takesScreenshot(FileUtil.java:58)
	at com.kms.katalon.core.webui.keyword.builtin.TakeScreenshotKeyword$_takeScreenshot_closure1.doCall(TakeScreenshotKeyword.groovy:127)
	at com.kms.katalon.core.webui.keyword.builtin.TakeScreenshotKeyword$_takeScreenshot_closure1.call(TakeScreenshotKeyword.groovy)
	at com.kms.katalon.core.webui.keyword.internal.WebUIKeywordMain.runKeyword(WebUIKeywordMain.groovy:20)
	... 20 more


2022-03-14 12:15:12 - [TEST_STEP][PASSED] - dt = LocalDateTime.now(): null

2022-03-14 12:15:12 - [TEST_STEP][PASSED] - path = "screenshots/" + testCaseId.replace("/", "-") + dt + ".png": null

2022-03-14 12:15:12 - [TEST_STEP][ERROR] - takeScreenshot(path): com.kms.katalon.core.exception.StepFailedException: Cannot take screenshot
	at com.kms.katalon.core.webui.keyword.internal.WebUIKeywordMain.stepFailed(WebUIKeywordMain.groovy:64)
	at com.kms.katalon.core.webui.keyword.internal.WebUIKeywordMain.runKeyword(WebUIKeywordMain.groovy:26)
	at com.kms.katalon.core.webui.keyword.builtin.TakeScreenshotKeyword.takeScreenshot(TakeScreenshotKeyword.groovy:126)
	at com.kms.katalon.core.webui.keyword.builtin.TakeScreenshotKeyword.execute(TakeScreenshotKeyword.groovy:84)
	at com.kms.katalon.core.keyword.internal.KeywordExecutor.executeKeywordForPlatform(KeywordExecutor.groovy:74)
	at com.kms.katalon.core.webui.keyword.WebUiBuiltInKeywords.takeScreenshot(WebUiBuiltInKeywords.groovy:2927)
	at com.kms.katalon.core.webui.keyword.WebUiBuiltInKeywords$takeScreenshot$1.call(Unknown Source)
	at GeneralTestListener.sampleAfterTestCase(GeneralTestListener.groovy:48)
	at GeneralTestListener.invokeMethod(GeneralTestListener.groovy)
	at com.kms.katalon.core.context.internal.TestHooker.invokeMethod(TestHooker.java:111)
	at com.kms.katalon.core.context.internal.TestHooker.lambda$3(TestHooker.java:95)
	at com.kms.katalon.core.context.internal.TestHooker.invokeContextMethods(TestHooker.java:94)
	at com.kms.katalon.core.context.internal.TestListenerCollector.lambda$3(TestListenerCollector.java:88)
	at com.kms.katalon.core.context.internal.TestListenerCollector.handleListenerEvent(TestListenerCollector.java:85)
	at com.kms.katalon.core.context.internal.ExecutionEventManager.publicEvent(ExecutionEventManager.java:36)
	at com.kms.katalon.core.main.TestCaseExecutor.execute(TestCaseExecutor.java:311)
	at com.kms.katalon.core.main.TestSuiteExecutor.accessTestCaseMainPhase(TestSuiteExecutor.java:202)
	at com.kms.katalon.core.main.TestSuiteExecutor.accessTestSuiteMainPhase(TestSuiteExecutor.java:164)
	at com.kms.katalon.core.main.TestSuiteExecutor.execute(TestSuiteExecutor.java:105)
	at com.kms.katalon.core.main.TestCaseMain.startTestSuite(TestCaseMain.java:185)
	at com.kms.katalon.core.main.TestCaseMain$startTestSuite$0.call(Unknown Source)
	at TempTestSuite1647252880586.run(TempTestSuite1647252880586.groovy:36)
Caused by: java.io.IOException: The filename, directory name, or volume label syntax is incorrect
	at org.apache.commons.io.FileUtils.copyFile(FileUtils.java:1064)
	at com.kms.katalon.core.webui.util.FileUtil.takeDefaultScreenshot(FileUtil.java:333)
	at com.kms.katalon.core.webui.util.FileUtil.takesScreenshot(FileUtil.java:58)
	at com.kms.katalon.core.webui.keyword.builtin.TakeScreenshotKeyword$_takeScreenshot_closure1.doCall(TakeScreenshotKeyword.groovy:127)
	at com.kms.katalon.core.webui.keyword.builtin.TakeScreenshotKeyword$_takeScreenshot_closure1.call(TakeScreenshotKeyword.groovy)
	at com.kms.katalon.core.webui.keyword.internal.WebUIKeywordMain.runKeyword(WebUIKeywordMain.groovy:20)
	... 20 more


2022-03-14 12:15:13 - [MESSAGE][FAILED] - Cannot take screenshot (Root cause: com.kms.katalon.core.exception.StepFailedException: Cannot take screenshot
	at com.kms.katalon.core.webui.keyword.internal.WebUIKeywordMain.stepFailed(WebUIKeywordMain.groovy:64)
	at com.kms.katalon.core.webui.keyword.internal.WebUIKeywordMain.runKeyword(WebUIKeywordMain.groovy:26)
	at com.kms.katalon.core.webui.keyword.builtin.TakeScreenshotKeyword.takeScreenshot(TakeScreenshotKeyword.groovy:126)
	at com.kms.katalon.core.webui.keyword.builtin.TakeScreenshotKeyword.execute(TakeScreenshotKeyword.groovy:84)
	at com.kms.katalon.core.keyword.internal.KeywordExecutor.executeKeywordForPlatform(KeywordExecutor.groovy:74)
	at com.kms.katalon.core.webui.keyword.WebUiBuiltInKeywords.takeScreenshot(WebUiBuiltInKeywords.groovy:2927)
	at com.kms.katalon.core.webui.keyword.WebUiBuiltInKeywords$takeScreenshot$1.call(Unknown Source)
	at GeneralTestListener.sampleAfterTestCase(GeneralTestListener.groovy:48)
	at GeneralTestListener.invokeMethod(GeneralTestListener.groovy)
	at com.kms.katalon.core.context.internal.TestHooker.invokeMethod(TestHooker.java:111)
	at com.kms.katalon.core.context.internal.TestHooker.lambda$3(TestHooker.java:95)
	at com.kms.katalon.core.context.internal.TestHooker.invokeContextMethods(TestHooker.java:94)
	at com.kms.katalon.core.context.internal.TestListenerCollector.lambda$3(TestListenerCollector.java:88)
	at com.kms.katalon.core.context.internal.TestListenerCollector.handleListenerEvent(TestListenerCollector.java:85)
	at com.kms.katalon.core.context.internal.ExecutionEventManager.publicEvent(ExecutionEventManager.java:36)
	at com.kms.katalon.core.main.TestCaseExecutor.execute(TestCaseExecutor.java:311)
	at com.kms.katalon.core.main.TestSuiteExecutor.accessTestCaseMainPhase(TestSuiteExecutor.java:202)
	at com.kms.katalon.core.main.TestSuiteExecutor.accessTestSuiteMainPhase(TestSuiteExecutor.java:164)
	at com.kms.katalon.core.main.TestSuiteExecutor.execute(TestSuiteExecutor.java:105)
	at com.kms.katalon.core.main.TestCaseMain.startTestSuite(TestCaseMain.java:185)
	at com.kms.katalon.core.main.TestCaseMain$startTestSuite$0.call(Unknown Source)
	at TempTestSuite1647252880586.run(TempTestSuite1647252880586.groovy:36)
Caused by: java.io.IOException: The filename, directory name, or volume label syntax is incorrect
	at org.apache.commons.io.FileUtils.copyFile(FileUtils.java:1064)
	at com.kms.katalon.core.webui.util.FileUtil.takeDefaultScreenshot(FileUtil.java:333)
	at com.kms.katalon.core.webui.util.FileUtil.takesScreenshot(FileUtil.java:58)
	at com.kms.katalon.core.webui.keyword.builtin.TakeScreenshotKeyword$_takeScreenshot_closure1.doCall(TakeScreenshotKeyword.groovy:127)
	at com.kms.katalon.core.webui.keyword.builtin.TakeScreenshotKeyword$_takeScreenshot_closure1.call(TakeScreenshotKeyword.groovy)
	at com.kms.katalon.core.webui.keyword.internal.WebUIKeywordMain.runKeyword(WebUIKeywordMain.groovy:20)
	... 20 more
)

2022-03-14 12:15:13 - [MESSAGE][ERROR] - com.kms.katalon.core.exception.StepFailedException: Cannot take screenshot
	at com.kms.katalon.core.webui.keyword.internal.WebUIKeywordMain.stepFailed(WebUIKeywordMain.groovy:64)
	at com.kms.katalon.core.webui.keyword.internal.WebUIKeywordMain.runKeyword(WebUIKeywordMain.groovy:26)
	at com.kms.katalon.core.webui.keyword.builtin.TakeScreenshotKeyword.takeScreenshot(TakeScreenshotKeyword.groovy:126)
	at com.kms.katalon.core.webui.keyword.builtin.TakeScreenshotKeyword.execute(TakeScreenshotKeyword.groovy:84)
	at com.kms.katalon.core.keyword.internal.KeywordExecutor.executeKeywordForPlatform(KeywordExecutor.groovy:74)
	at com.kms.katalon.core.webui.keyword.WebUiBuiltInKeywords.takeScreenshot(WebUiBuiltInKeywords.groovy:2927)
	at com.kms.katalon.core.webui.keyword.WebUiBuiltInKeywords$takeScreenshot$1.call(Unknown Source)
	at GeneralTestListener.sampleAfterTestCase(GeneralTestListener.groovy:48)
	at GeneralTestListener.invokeMethod(GeneralTestListener.groovy)
	at com.kms.katalon.core.context.internal.TestHooker.invokeMethod(TestHooker.java:111)
	at com.kms.katalon.core.context.internal.TestHooker.lambda$3(TestHooker.java:95)
	at com.kms.katalon.core.context.internal.TestHooker.invokeContextMethods(TestHooker.java:94)
	at com.kms.katalon.core.context.internal.TestListenerCollector.lambda$3(TestListenerCollector.java:88)
	at com.kms.katalon.core.context.internal.TestListenerCollector.handleListenerEvent(TestListenerCollector.java:85)
	at com.kms.katalon.core.context.internal.ExecutionEventManager.publicEvent(ExecutionEventManager.java:36)
	at com.kms.katalon.core.main.TestCaseExecutor.execute(TestCaseExecutor.java:311)
	at com.kms.katalon.core.main.TestSuiteExecutor.accessTestCaseMainPhase(TestSuiteExecutor.java:202)
	at com.kms.katalon.core.main.TestSuiteExecutor.accessTestSuiteMainPhase(TestSuiteExecutor.java:164)
	at com.kms.katalon.core.main.TestSuiteExecutor.execute(TestSuiteExecutor.java:105)
	at com.kms.katalon.core.main.TestCaseMain.startTestSuite(TestCaseMain.java:185)
	at com.kms.katalon.core.main.TestCaseMain$startTestSuite$0.call(Unknown Source)
	at TempTestSuite1647252880586.run(TempTestSuite1647252880586.groovy:36)
Caused by: java.io.IOException: The filename, directory name, or volume label syntax is incorrect
	at org.apache.commons.io.FileUtils.copyFile(FileUtils.java:1064)
	at com.kms.katalon.core.webui.util.FileUtil.takeDefaultScreenshot(FileUtil.java:333)
	at com.kms.katalon.core.webui.util.FileUtil.takesScreenshot(FileUtil.java:58)
	at com.kms.katalon.core.webui.keyword.builtin.TakeScreenshotKeyword$_takeScreenshot_closure1.doCall(TakeScreenshotKeyword.groovy:127)
	at com.kms.katalon.core.webui.keyword.builtin.TakeScreenshotKeyword$_takeScreenshot_closure1.call(TakeScreenshotKeyword.groovy)
	at com.kms.katalon.core.webui.keyword.internal.WebUIKeywordMain.runKeyword(WebUIKeywordMain.groovy:20)
	... 20 more]]></system-out>
         <system-err><![CDATA[]]></system-err>
      </testcase>
      <system-out><![CDATA[2022-03-14 12:14:52 - [TEST_SUITE][PASSED] - Create New User: Test Cases/Login]]></system-out>
      <system-err><![CDATA[]]></system-err>
   </testsuite>
</testsuites>
