<?xml version="1.0" encoding="UTF-8"?>
<testsuites name="Add Bulk Billing" time="13.824" tests="3" failures="0" errors="1">
   <testsuite name="Add Bulk Billing" tests="3" failures="0" errors="1" time="13.824" skipped="0" timestamp="2022-05-25 08:35:29" hostname="sulet - LAPTOP-DQHJD5FF" id="Test Suites/Add Bulk Billing">
      <properties>
         <property name="deviceName" value=""/>
         <property name="devicePlatform" value=""/>
         <property name="logFolder" value="C:\\Users\\sulet\\Katalon Studio\\AdminOnline\\Reports\\20220525_083523\\Add Bulk Billing\\20220525_083523"/>
         <property name="logFiles" value="C:\\Users\\sulet\\Katalon Studio\\AdminOnline\\Reports\\20220525_083523\\Add Bulk Billing\\20220525_083523\\execution0.log"/>
         <property name="attachments" value=""/>
         <property name="hostName" value="sulet - LAPTOP-DQHJD5FF"/>
         <property name="os" value="Windows 10 64bit"/>
         <property name="katalonVersion" value="8.3.5.208"/>
         <property name="browser" value="Chrome 101.0.4951.67"/>
         <property name="hostAddress" value="192.168.3.94"/>
         <property name="sessionId" value="e0f430e9607175c01d3db4eaa5e68d70"/>
         <property name="seleniumVersion" value="3.141.59"/>
         <property name="proxyInformation" value="ProxyInformation { proxyOption=NO_PROXY, proxyServerType=HTTP, username=, password=********, proxyServerAddress=, proxyServerPort=0, executionList=&quot;&quot;, isApplyToDesiredCapabilities=true }"/>
         <property name="platform" value="Windows 10"/>
      </properties>
      <testcase name="Test Cases/Open Browser" time="0.343" classname="Test Cases/Open Browser" status="PASSED">
         <system-out><![CDATA[2022-05-25 08:35:35 - [TEST_CASE][PASSED] - Test Cases/Open Browser: Test Cases/Open Browser

2022-05-25 08:35:35 - [TEST_STEP][PASSED] - Start listener action : sampleBeforeTestCase: null

2022-05-25 08:35:35 - [TEST_STEP][PASSED] - println(testCaseContext.getTestCaseId()): null

2022-05-25 08:35:35 - [TEST_STEP][PASSED] - println(testCaseContext.getTestCaseVariables()): null

2022-05-25 08:35:35 - [TEST_STEP][PASSED] - verifyMatch(getWindowTitle(), "Test System AdminOnline", false): Actual text 'Test System AdminOnline' and expected text 'Test System AdminOnline' are matched 

2022-05-25 08:35:35 - [MESSAGE][PASSED] - Current window's title is: 'Test System AdminOnline'

2022-05-25 08:35:35 - [MESSAGE][PASSED] - Actual text 'Test System AdminOnline' and expected text 'Test System AdminOnline' are matched 

2022-05-25 08:35:35 - [TEST_STEP][PASSED] - Start listener action : sampleAfterTestCase: null]]></system-out>
         <system-err><![CDATA[]]></system-err>
      </testcase>
      <testcase name="Test Cases/Login" time="7.746" classname="Test Cases/Login" status="PASSED">
         <system-out><![CDATA[2022-05-25 08:35:35 - [TEST_CASE][PASSED] - Test Cases/Login: Test Cases/Login

2022-05-25 08:35:35 - [TEST_STEP][PASSED] - Start listener action : sampleBeforeTestCase: null

2022-05-25 08:35:35 - [TEST_STEP][PASSED] - println(testCaseContext.getTestCaseId()): null

2022-05-25 08:35:35 - [TEST_STEP][PASSED] - println(testCaseContext.getTestCaseVariables()): null

2022-05-25 08:35:35 - [TEST_STEP][PASSED] - sendKeys(findTestObject("Login Home Page/Input_Username"), Username): Keys 'training@iits.co.za' sent to object: 'Object Repository/Login Home Page/Input_Username'

2022-05-25 08:35:36 - [MESSAGE][PASSED] - Keys 'training@iits.co.za' sent to object: 'Object Repository/Login Home Page/Input_Username'

2022-05-25 08:35:36 - [TEST_STEP][PASSED] - sendKeys(findTestObject("Login Home Page/Input_Password"), Password): Keys '123456' sent to object: 'Object Repository/Login Home Page/Input_Password'

2022-05-25 08:35:36 - [MESSAGE][PASSED] - Keys '123456' sent to object: 'Object Repository/Login Home Page/Input_Password'

2022-05-25 08:35:36 - [TEST_STEP][PASSED] - click(findTestObject("Login Home Page/Button_Submit")): Object: 'Object Repository/Login Home Page/Button_Submit' is clicked on

2022-05-25 08:35:43 - [MESSAGE][PASSED] - Object: 'Object Repository/Login Home Page/Button_Submit' is clicked on

2022-05-25 08:35:43 - [TEST_STEP][PASSED] - Start listener action : sampleAfterTestCase: null]]></system-out>
         <system-err><![CDATA[]]></system-err>
      </testcase>
      <testcase name="Test Cases/Add Bulk Billing" time="0.366" classname="Test Cases/Add Bulk Billing" status="ERROR">
         <error type="ERROR" message="Test Cases/Add Bulk Billing FAILED.
Reason:
org.codehaus.groovy.control.MultipleCompilationErrorsException: startup failed:
file:/C:/Users/sulet/Katalon%20Studio/AdminOnline/Scripts/Add%20Bulk%20Billing/Script1652350057064.groovy: 40: unable to resolve class WebElement 
 @ line 40, column 12.
   WebElement element = WebUiCommonHelper.findWebElement(findTestObject('Object Repository/Bulk Billing/Add Billing Run/iFrame_Service Name'),30)
              ^

1 error

	at com.kms.katalon.core.main.ScriptEngine.getScript(ScriptEngine.java:199)
	at com.kms.katalon.core.main.ScriptEngine.run(ScriptEngine.java:194)
	at com.kms.katalon.core.main.ScriptEngine.runScriptAsRawText(ScriptEngine.java:119)
	at com.kms.katalon.core.main.TestCaseExecutor.runScript(TestCaseExecutor.java:445)
	at com.kms.katalon.core.main.TestCaseExecutor.doExecute(TestCaseExecutor.java:436)
	at com.kms.katalon.core.main.TestCaseExecutor.processExecutionPhase(TestCaseExecutor.java:415)
	at com.kms.katalon.core.main.TestCaseExecutor.accessMainPhase(TestCaseExecutor.java:407)
	at com.kms.katalon.core.main.TestCaseExecutor.execute(TestCaseExecutor.java:284)
	at com.kms.katalon.core.common.CommonExecutor.accessTestCaseMainPhase(CommonExecutor.java:65)
	at com.kms.katalon.core.main.TestSuiteExecutor.accessTestSuiteMainPhase(TestSuiteExecutor.java:144)
	at com.kms.katalon.core.main.TestSuiteExecutor.execute(TestSuiteExecutor.java:106)
	at com.kms.katalon.core.main.TestCaseMain.startTestSuite(TestCaseMain.java:185)
	at com.kms.katalon.core.main.TestCaseMain$startTestSuite$0.call(Unknown Source)
	at TempTestSuite1653460523413.run(TempTestSuite1653460523413.groovy:36)
"/>
         <system-out><![CDATA[2022-05-25 08:35:43 - [TEST_CASE][ERROR] - Test Cases/Add Bulk Billing: Test Cases/Add Bulk Billing FAILED.
Reason:
org.codehaus.groovy.control.MultipleCompilationErrorsException: startup failed:
file:/C:/Users/sulet/Katalon%20Studio/AdminOnline/Scripts/Add%20Bulk%20Billing/Script1652350057064.groovy: 40: unable to resolve class WebElement 
 @ line 40, column 12.
   WebElement element = WebUiCommonHelper.findWebElement(findTestObject('Object Repository/Bulk Billing/Add Billing Run/iFrame_Service Name'),30)
              ^

1 error

	at com.kms.katalon.core.main.ScriptEngine.getScript(ScriptEngine.java:199)
	at com.kms.katalon.core.main.ScriptEngine.run(ScriptEngine.java:194)
	at com.kms.katalon.core.main.ScriptEngine.runScriptAsRawText(ScriptEngine.java:119)
	at com.kms.katalon.core.main.TestCaseExecutor.runScript(TestCaseExecutor.java:445)
	at com.kms.katalon.core.main.TestCaseExecutor.doExecute(TestCaseExecutor.java:436)
	at com.kms.katalon.core.main.TestCaseExecutor.processExecutionPhase(TestCaseExecutor.java:415)
	at com.kms.katalon.core.main.TestCaseExecutor.accessMainPhase(TestCaseExecutor.java:407)
	at com.kms.katalon.core.main.TestCaseExecutor.execute(TestCaseExecutor.java:284)
	at com.kms.katalon.core.common.CommonExecutor.accessTestCaseMainPhase(CommonExecutor.java:65)
	at com.kms.katalon.core.main.TestSuiteExecutor.accessTestSuiteMainPhase(TestSuiteExecutor.java:144)
	at com.kms.katalon.core.main.TestSuiteExecutor.execute(TestSuiteExecutor.java:106)
	at com.kms.katalon.core.main.TestCaseMain.startTestSuite(TestCaseMain.java:185)
	at com.kms.katalon.core.main.TestCaseMain$startTestSuite$0.call(Unknown Source)
	at TempTestSuite1653460523413.run(TempTestSuite1653460523413.groovy:36)


2022-05-25 08:35:43 - [TEST_STEP][PASSED] - Start listener action : sampleBeforeTestCase: null

2022-05-25 08:35:43 - [TEST_STEP][PASSED] - println(testCaseContext.getTestCaseId()): null

2022-05-25 08:35:43 - [TEST_STEP][PASSED] - println(testCaseContext.getTestCaseVariables()): null

2022-05-25 08:35:43 - [TEST_STEP][PASSED] - Start listener action : sampleAfterTestCase: null]]></system-out>
         <system-err><![CDATA[2022-05-25 08:35:43 - [TEST_CASE][ERROR] - Test Cases/Add Bulk Billing: Test Cases/Add Bulk Billing FAILED.
Reason:
org.codehaus.groovy.control.MultipleCompilationErrorsException: startup failed:
file:/C:/Users/sulet/Katalon%20Studio/AdminOnline/Scripts/Add%20Bulk%20Billing/Script1652350057064.groovy: 40: unable to resolve class WebElement 
 @ line 40, column 12.
   WebElement element = WebUiCommonHelper.findWebElement(findTestObject('Object Repository/Bulk Billing/Add Billing Run/iFrame_Service Name'),30)
              ^

1 error

	at com.kms.katalon.core.main.ScriptEngine.getScript(ScriptEngine.java:199)
	at com.kms.katalon.core.main.ScriptEngine.run(ScriptEngine.java:194)
	at com.kms.katalon.core.main.ScriptEngine.runScriptAsRawText(ScriptEngine.java:119)
	at com.kms.katalon.core.main.TestCaseExecutor.runScript(TestCaseExecutor.java:445)
	at com.kms.katalon.core.main.TestCaseExecutor.doExecute(TestCaseExecutor.java:436)
	at com.kms.katalon.core.main.TestCaseExecutor.processExecutionPhase(TestCaseExecutor.java:415)
	at com.kms.katalon.core.main.TestCaseExecutor.accessMainPhase(TestCaseExecutor.java:407)
	at com.kms.katalon.core.main.TestCaseExecutor.execute(TestCaseExecutor.java:284)
	at com.kms.katalon.core.common.CommonExecutor.accessTestCaseMainPhase(CommonExecutor.java:65)
	at com.kms.katalon.core.main.TestSuiteExecutor.accessTestSuiteMainPhase(TestSuiteExecutor.java:144)
	at com.kms.katalon.core.main.TestSuiteExecutor.execute(TestSuiteExecutor.java:106)
	at com.kms.katalon.core.main.TestCaseMain.startTestSuite(TestCaseMain.java:185)
	at com.kms.katalon.core.main.TestCaseMain$startTestSuite$0.call(Unknown Source)
	at TempTestSuite1653460523413.run(TempTestSuite1653460523413.groovy:36)]]></system-err>
      </testcase>
      <system-out><![CDATA[2022-05-25 08:35:29 - [TEST_SUITE][ERROR] - Add Bulk Billing: Test Cases/Add Bulk Billing FAILED.
Reason:
org.codehaus.groovy.control.MultipleCompilationErrorsException: startup failed:
file:/C:/Users/sulet/Katalon%20Studio/AdminOnline/Scripts/Add%20Bulk%20Billing/Script1652350057064.groovy: 40: unable to resolve class WebElement 
 @ line 40, column 12.
   WebElement element = WebUiCommonHelper.findWebElement(findTestObject('Object Repository/Bulk Billing/Add Billing Run/iFrame_Service Name'),30)
              ^

1 error

	at com.kms.katalon.core.main.ScriptEngine.getScript(ScriptEngine.java:199)
	at com.kms.katalon.core.main.ScriptEngine.run(ScriptEngine.java:194)
	at com.kms.katalon.core.main.ScriptEngine.runScriptAsRawText(ScriptEngine.java:119)
	at com.kms.katalon.core.main.TestCaseExecutor.runScript(TestCaseExecutor.java:445)
	at com.kms.katalon.core.main.TestCaseExecutor.doExecute(TestCaseExecutor.java:436)
	at com.kms.katalon.core.main.TestCaseExecutor.processExecutionPhase(TestCaseExecutor.java:415)
	at com.kms.katalon.core.main.TestCaseExecutor.accessMainPhase(TestCaseExecutor.java:407)
	at com.kms.katalon.core.main.TestCaseExecutor.execute(TestCaseExecutor.java:284)
	at com.kms.katalon.core.common.CommonExecutor.accessTestCaseMainPhase(CommonExecutor.java:65)
	at com.kms.katalon.core.main.TestSuiteExecutor.accessTestSuiteMainPhase(TestSuiteExecutor.java:144)
	at com.kms.katalon.core.main.TestSuiteExecutor.execute(TestSuiteExecutor.java:106)
	at com.kms.katalon.core.main.TestCaseMain.startTestSuite(TestCaseMain.java:185)
	at com.kms.katalon.core.main.TestCaseMain$startTestSuite$0.call(Unknown Source)
	at TempTestSuite1653460523413.run(TempTestSuite1653460523413.groovy:36)]]></system-out>
      <system-err><![CDATA[2022-05-25 08:35:29 - [TEST_SUITE][ERROR] - Add Bulk Billing: Test Cases/Add Bulk Billing FAILED.
Reason:
org.codehaus.groovy.control.MultipleCompilationErrorsException: startup failed:
file:/C:/Users/sulet/Katalon%20Studio/AdminOnline/Scripts/Add%20Bulk%20Billing/Script1652350057064.groovy: 40: unable to resolve class WebElement 
 @ line 40, column 12.
   WebElement element = WebUiCommonHelper.findWebElement(findTestObject('Object Repository/Bulk Billing/Add Billing Run/iFrame_Service Name'),30)
              ^

1 error

	at com.kms.katalon.core.main.ScriptEngine.getScript(ScriptEngine.java:199)
	at com.kms.katalon.core.main.ScriptEngine.run(ScriptEngine.java:194)
	at com.kms.katalon.core.main.ScriptEngine.runScriptAsRawText(ScriptEngine.java:119)
	at com.kms.katalon.core.main.TestCaseExecutor.runScript(TestCaseExecutor.java:445)
	at com.kms.katalon.core.main.TestCaseExecutor.doExecute(TestCaseExecutor.java:436)
	at com.kms.katalon.core.main.TestCaseExecutor.processExecutionPhase(TestCaseExecutor.java:415)
	at com.kms.katalon.core.main.TestCaseExecutor.accessMainPhase(TestCaseExecutor.java:407)
	at com.kms.katalon.core.main.TestCaseExecutor.execute(TestCaseExecutor.java:284)
	at com.kms.katalon.core.common.CommonExecutor.accessTestCaseMainPhase(CommonExecutor.java:65)
	at com.kms.katalon.core.main.TestSuiteExecutor.accessTestSuiteMainPhase(TestSuiteExecutor.java:144)
	at com.kms.katalon.core.main.TestSuiteExecutor.execute(TestSuiteExecutor.java:106)
	at com.kms.katalon.core.main.TestCaseMain.startTestSuite(TestCaseMain.java:185)
	at com.kms.katalon.core.main.TestCaseMain$startTestSuite$0.call(Unknown Source)
	at TempTestSuite1653460523413.run(TempTestSuite1653460523413.groovy:36)]]></system-err>
   </testsuite>
</testsuites>
