<?xml version="1.0" encoding="UTF-8"?>
<testsuites name="Add Bulk Billing" time="45.701" tests="3" failures="0" errors="1">
   <testsuite name="Add Bulk Billing" tests="3" failures="0" errors="1" time="45.701" skipped="0" timestamp="2022-05-23 13:02:39" hostname="sulet - 192.168.0.103" id="Test Suites/Add Bulk Billing">
      <properties>
         <property name="deviceName" value=""/>
         <property name="devicePlatform" value=""/>
         <property name="logFolder" value="C:\\Users\\sulet\\Katalon Studio\\AdminOnline\\Reports\\20220523_130227\\Add Bulk Billing\\20220523_130227"/>
         <property name="logFiles" value="C:\\Users\\sulet\\Katalon Studio\\AdminOnline\\Reports\\20220523_130227\\Add Bulk Billing\\20220523_130227\\execution0.log"/>
         <property name="attachments" value=""/>
         <property name="hostName" value="sulet - 192.168.0.103"/>
         <property name="os" value="Windows 10 64bit"/>
         <property name="katalonVersion" value="8.3.5.208"/>
         <property name="browser" value="Chrome 101.0.4951.67"/>
         <property name="hostAddress" value="192.168.0.103"/>
         <property name="sessionId" value="13e29caab637e093d89ed4b13f6de544"/>
         <property name="seleniumVersion" value="3.141.59"/>
         <property name="proxyInformation" value="ProxyInformation { proxyOption=NO_PROXY, proxyServerType=HTTP, username=, password=********, proxyServerAddress=, proxyServerPort=0, executionList=&quot;&quot;, isApplyToDesiredCapabilities=true }"/>
         <property name="platform" value="Windows 10"/>
      </properties>
      <testcase name="Test Cases/Open Browser" time="0.368" classname="Test Cases/Open Browser" status="PASSED">
         <system-out><![CDATA[2022-05-23 13:02:53 - [TEST_CASE][PASSED] - Test Cases/Open Browser: Test Cases/Open Browser

2022-05-23 13:02:53 - [TEST_STEP][PASSED] - Start listener action : sampleBeforeTestCase: null

2022-05-23 13:02:53 - [TEST_STEP][PASSED] - println(testCaseContext.getTestCaseId()): null

2022-05-23 13:02:53 - [TEST_STEP][PASSED] - println(testCaseContext.getTestCaseVariables()): null

2022-05-23 13:02:53 - [TEST_STEP][PASSED] - verifyMatch(getWindowTitle(), "Test System AdminOnline", false): Actual text 'Test System AdminOnline' and expected text 'Test System AdminOnline' are matched 

2022-05-23 13:02:53 - [MESSAGE][PASSED] - Current window's title is: 'Test System AdminOnline'

2022-05-23 13:02:53 - [MESSAGE][PASSED] - Actual text 'Test System AdminOnline' and expected text 'Test System AdminOnline' are matched 

2022-05-23 13:02:53 - [TEST_STEP][PASSED] - Start listener action : sampleAfterTestCase: null]]></system-out>
         <system-err><![CDATA[]]></system-err>
      </testcase>
      <testcase name="Test Cases/Login" time="11.061" classname="Test Cases/Login" status="PASSED">
         <system-out><![CDATA[2022-05-23 13:02:53 - [TEST_CASE][PASSED] - Test Cases/Login: Test Cases/Login

2022-05-23 13:02:53 - [TEST_STEP][PASSED] - Start listener action : sampleBeforeTestCase: null

2022-05-23 13:02:53 - [TEST_STEP][PASSED] - println(testCaseContext.getTestCaseId()): null

2022-05-23 13:02:53 - [TEST_STEP][PASSED] - println(testCaseContext.getTestCaseVariables()): null

2022-05-23 13:02:54 - [TEST_STEP][PASSED] - sendKeys(findTestObject("Login Home Page/Input_Username"), Username): Keys 'training@iits.co.za' sent to object: 'Object Repository/Login Home Page/Input_Username'

2022-05-23 13:02:54 - [MESSAGE][PASSED] - Keys 'training@iits.co.za' sent to object: 'Object Repository/Login Home Page/Input_Username'

2022-05-23 13:02:54 - [TEST_STEP][PASSED] - sendKeys(findTestObject("Login Home Page/Input_Password"), Password): Keys '123456' sent to object: 'Object Repository/Login Home Page/Input_Password'

2022-05-23 13:02:54 - [MESSAGE][PASSED] - Keys '123456' sent to object: 'Object Repository/Login Home Page/Input_Password'

2022-05-23 13:02:54 - [TEST_STEP][PASSED] - click(findTestObject("Login Home Page/Button_Submit")): Object: 'Object Repository/Login Home Page/Button_Submit' is clicked on

2022-05-23 13:03:04 - [MESSAGE][PASSED] - Object: 'Object Repository/Login Home Page/Button_Submit' is clicked on

2022-05-23 13:03:04 - [TEST_STEP][PASSED] - Start listener action : sampleAfterTestCase: null]]></system-out>
         <system-err><![CDATA[]]></system-err>
      </testcase>
      <testcase name="Test Cases/Add Bulk Billing" time="19.814" classname="Test Cases/Add Bulk Billing" status="ERROR">
         <error type="ERROR" message="Test Cases/Add Bulk Billing FAILED.
Reason:
org.codehaus.groovy.runtime.metaclass.MissingMethodExceptionNoStack: No signature of method: adminOnline.customKeyWords.clickUsingJS() is applicable for argument types: (com.kms.katalon.core.testobject.TestObject) values: [TestObject - 'Object Repository/Bulk Billing/Add Billing Run/Button_Charge']
Possible solutions: clickUsingJS(com.kms.katalon.core.testobject.TestObject, int)
"/>
         <system-out><![CDATA[2022-05-23 13:03:04 - [TEST_CASE][ERROR] - Test Cases/Add Bulk Billing: Test Cases/Add Bulk Billing FAILED.
Reason:
org.codehaus.groovy.runtime.metaclass.MissingMethodExceptionNoStack: No signature of method: adminOnline.customKeyWords.clickUsingJS() is applicable for argument types: (com.kms.katalon.core.testobject.TestObject) values: [TestObject - 'Object Repository/Bulk Billing/Add Billing Run/Button_Charge']
Possible solutions: clickUsingJS(com.kms.katalon.core.testobject.TestObject, int)


2022-05-23 13:03:04 - [TEST_STEP][PASSED] - Start listener action : sampleBeforeTestCase: null

2022-05-23 13:03:04 - [TEST_STEP][PASSED] - println(testCaseContext.getTestCaseId()): null

2022-05-23 13:03:04 - [TEST_STEP][PASSED] - println(testCaseContext.getTestCaseVariables()): null

2022-05-23 13:03:05 - [TEST_STEP][PASSED] - click(findTestObject("Page_Main Dashboard/Menu/a_Bulk Billing")): Object: 'Object Repository/Page_Main Dashboard/Menu/a_Bulk Billing' is clicked on

2022-05-23 13:03:06 - [MESSAGE][PASSED] - Object: 'Object Repository/Page_Main Dashboard/Menu/a_Bulk Billing' is clicked on

2022-05-23 13:03:06 - [TEST_STEP][PASSED] - click(findTestObject("Bulk Billing/Button_Add Billing Run")): Object: 'Object Repository/Bulk Billing/Button_Add Billing Run' is clicked on

2022-05-23 13:03:20 - [MESSAGE][PASSED] - Object: 'Object Repository/Bulk Billing/Button_Add Billing Run' is clicked on

2022-05-23 13:03:20 - [TEST_STEP][PASSED] - click(findTestObject("Bulk Billing/Add Billing Run/drop_arrow_Billing Category")): Object: 'Object Repository/Bulk Billing/Add Billing Run/drop_arrow_Billing Category' is clicked on

2022-05-23 13:03:20 - [MESSAGE][PASSED] - Object: 'Object Repository/Bulk Billing/Add Billing Run/drop_arrow_Billing Category' is clicked on

2022-05-23 13:03:20 - [TEST_STEP][PASSED] - click(findTestObject("Bulk Billing/Add Billing Run/drop_Billing Category_Option_Index_1")): Object: 'Object Repository/Bulk Billing/Add Billing Run/drop_Billing Category_Option_Index_1' is clicked on

2022-05-23 13:03:21 - [MESSAGE][PASSED] - Object: 'Object Repository/Bulk Billing/Add Billing Run/drop_Billing Category_Option_Index_1' is clicked on

2022-05-23 13:03:21 - [TEST_STEP][PASSED] - click(findTestObject("Bulk Billing/Add Billing Run/input_From Date Description")): Object: 'Object Repository/Bulk Billing/Add Billing Run/input_From Date Description' is clicked on

2022-05-23 13:03:21 - [MESSAGE][PASSED] - Object: 'Object Repository/Bulk Billing/Add Billing Run/input_From Date Description' is clicked on

2022-05-23 13:03:21 - [TEST_STEP][PASSED] - setText(findTestObject("Bulk Billing/Add Billing Run/input_From Date Description"), "2022-05-01"): Text '2022-05-01' is set on object 'Object Repository/Bulk Billing/Add Billing Run/input_From Date Description'

2022-05-23 13:03:22 - [MESSAGE][PASSED] - Text '2022-05-01' is set on object 'Object Repository/Bulk Billing/Add Billing Run/input_From Date Description'

2022-05-23 13:03:22 - [TEST_STEP][PASSED] - click(findTestObject("Bulk Billing/Add Billing Run/input_To Date Description")): Object: 'Object Repository/Bulk Billing/Add Billing Run/input_To Date Description' is clicked on

2022-05-23 13:03:22 - [MESSAGE][PASSED] - Object: 'Object Repository/Bulk Billing/Add Billing Run/input_To Date Description' is clicked on

2022-05-23 13:03:22 - [TEST_STEP][PASSED] - setText(findTestObject("Bulk Billing/Add Billing Run/input_To Date Description"), "2022-05-31"): Text '2022-05-31' is set on object 'Object Repository/Bulk Billing/Add Billing Run/input_To Date Description'

2022-05-23 13:03:23 - [MESSAGE][PASSED] - Text '2022-05-31' is set on object 'Object Repository/Bulk Billing/Add Billing Run/input_To Date Description'

2022-05-23 13:03:23 - [TEST_STEP][PASSED] - click(findTestObject("Bulk Billing/Add Billing Run/drop_arrow_Service Name")): Object: 'Object Repository/Bulk Billing/Add Billing Run/drop_arrow_Service Name' is clicked on

2022-05-23 13:03:23 - [MESSAGE][PASSED] - Object: 'Object Repository/Bulk Billing/Add Billing Run/drop_arrow_Service Name' is clicked on

2022-05-23 13:03:23 - [TEST_STEP][PASSED] - click(findTestObject("Bulk Billing/Add Billing Run/check_Service Name_Index_0")): Object: 'Object Repository/Bulk Billing/Add Billing Run/check_Service Name_Index_0' is clicked on

2022-05-23 13:03:24 - [MESSAGE][PASSED] - Object: 'Object Repository/Bulk Billing/Add Billing Run/check_Service Name_Index_0' is clicked on

2022-05-23 13:03:24 - [TEST_STEP][ERROR] - adminOnline.customKeyWords.clickUsingJS(findTestObject("Bulk Billing/Add Billing Run/Button_Charge")): Test Cases/Add Bulk Billing FAILED.
Reason:
com.kms.katalon.core.exception.StepErrorException: org.codehaus.groovy.runtime.metaclass.MissingMethodExceptionNoStack: No signature of method: adminOnline.customKeyWords.clickUsingJS() is applicable for argument types: (com.kms.katalon.core.testobject.TestObject) values: [TestObject - 'Object Repository/Bulk Billing/Add Billing Run/Button_Charge']
Possible solutions: clickUsingJS(com.kms.katalon.core.testobject.TestObject, int)
	at com.kms.katalon.core.main.CustomKeywordDelegatingMetaClass.throwError(CustomKeywordDelegatingMetaClass.java:96)
	at com.kms.katalon.core.main.CustomKeywordDelegatingMetaClass.invokeStaticMethod(CustomKeywordDelegatingMetaClass.java:68)
	at Add Bulk Billing.run(Add Bulk Billing:40)
	at com.kms.katalon.core.main.ScriptEngine.run(ScriptEngine.java:194)
	at com.kms.katalon.core.main.ScriptEngine.runScriptAsRawText(ScriptEngine.java:119)
	at com.kms.katalon.core.main.TestCaseExecutor.runScript(TestCaseExecutor.java:445)
	at com.kms.katalon.core.main.TestCaseExecutor.doExecute(TestCaseExecutor.java:436)
	at com.kms.katalon.core.main.TestCaseExecutor.processExecutionPhase(TestCaseExecutor.java:415)
	at com.kms.katalon.core.main.TestCaseExecutor.accessMainPhase(TestCaseExecutor.java:407)
	at com.kms.katalon.core.main.TestCaseExecutor.execute(TestCaseExecutor.java:284)
	at com.kms.katalon.core.common.CommonExecutor.accessTestCaseMainPhase(CommonExecutor.java:65)
	at com.kms.katalon.core.main.TestSuiteExecutor.accessTestSuiteMainPhase(TestSuiteExecutor.java:144)
	at com.kms.katalon.core.main.TestSuiteExecutor.execute(TestSuiteExecutor.java:106)
	at com.kms.katalon.core.main.TestCaseMain.startTestSuite(TestCaseMain.java:185)
	at com.kms.katalon.core.main.TestCaseMain$startTestSuite$0.call(Unknown Source)
	at TempTestSuite1653303747697.run(TempTestSuite1653303747697.groovy:36)
Caused by: org.codehaus.groovy.runtime.metaclass.MissingMethodExceptionNoStack: No signature of method: adminOnline.customKeyWords.clickUsingJS() is applicable for argument types: (com.kms.katalon.core.testobject.TestObject) values: [TestObject - 'Object Repository/Bulk Billing/Add Billing Run/Button_Charge']
Possible solutions: clickUsingJS(com.kms.katalon.core.testobject.TestObject, int)


2022-05-23 13:03:24 - [MESSAGE][ERROR] - No signature of method: adminOnline.customKeyWords.clickUsingJS() is applicable for argument types: (com.kms.katalon.core.testobject.TestObject) values: [TestObject - 'Object Repository/Bulk Billing/Add Billing Run/Button_Charge']
Possible solutions: clickUsingJS(com.kms.katalon.core.testobject.TestObject, int)

2022-05-23 13:03:24 - [MESSAGE][ERROR] - Test Cases/Add Bulk Billing FAILED.
Reason:
com.kms.katalon.core.exception.StepErrorException: org.codehaus.groovy.runtime.metaclass.MissingMethodExceptionNoStack: No signature of method: adminOnline.customKeyWords.clickUsingJS() is applicable for argument types: (com.kms.katalon.core.testobject.TestObject) values: [TestObject - 'Object Repository/Bulk Billing/Add Billing Run/Button_Charge']
Possible solutions: clickUsingJS(com.kms.katalon.core.testobject.TestObject, int)
	at com.kms.katalon.core.main.CustomKeywordDelegatingMetaClass.throwError(CustomKeywordDelegatingMetaClass.java:96)
	at com.kms.katalon.core.main.CustomKeywordDelegatingMetaClass.invokeStaticMethod(CustomKeywordDelegatingMetaClass.java:68)
	at Add Bulk Billing.run(Add Bulk Billing:40)
	at com.kms.katalon.core.main.ScriptEngine.run(ScriptEngine.java:194)
	at com.kms.katalon.core.main.ScriptEngine.runScriptAsRawText(ScriptEngine.java:119)
	at com.kms.katalon.core.main.TestCaseExecutor.runScript(TestCaseExecutor.java:445)
	at com.kms.katalon.core.main.TestCaseExecutor.doExecute(TestCaseExecutor.java:436)
	at com.kms.katalon.core.main.TestCaseExecutor.processExecutionPhase(TestCaseExecutor.java:415)
	at com.kms.katalon.core.main.TestCaseExecutor.accessMainPhase(TestCaseExecutor.java:407)
	at com.kms.katalon.core.main.TestCaseExecutor.execute(TestCaseExecutor.java:284)
	at com.kms.katalon.core.common.CommonExecutor.accessTestCaseMainPhase(CommonExecutor.java:65)
	at com.kms.katalon.core.main.TestSuiteExecutor.accessTestSuiteMainPhase(TestSuiteExecutor.java:144)
	at com.kms.katalon.core.main.TestSuiteExecutor.execute(TestSuiteExecutor.java:106)
	at com.kms.katalon.core.main.TestCaseMain.startTestSuite(TestCaseMain.java:185)
	at com.kms.katalon.core.main.TestCaseMain$startTestSuite$0.call(Unknown Source)
	at TempTestSuite1653303747697.run(TempTestSuite1653303747697.groovy:36)
Caused by: org.codehaus.groovy.runtime.metaclass.MissingMethodExceptionNoStack: No signature of method: adminOnline.customKeyWords.clickUsingJS() is applicable for argument types: (com.kms.katalon.core.testobject.TestObject) values: [TestObject - 'Object Repository/Bulk Billing/Add Billing Run/Button_Charge']
Possible solutions: clickUsingJS(com.kms.katalon.core.testobject.TestObject, int)


2022-05-23 13:03:24 - [TEST_STEP][PASSED] - Start listener action : sampleAfterTestCase: null]]></system-out>
         <system-err><![CDATA[2022-05-23 13:03:04 - [TEST_CASE][ERROR] - Test Cases/Add Bulk Billing: Test Cases/Add Bulk Billing FAILED.
Reason:
org.codehaus.groovy.runtime.metaclass.MissingMethodExceptionNoStack: No signature of method: adminOnline.customKeyWords.clickUsingJS() is applicable for argument types: (com.kms.katalon.core.testobject.TestObject) values: [TestObject - 'Object Repository/Bulk Billing/Add Billing Run/Button_Charge']
Possible solutions: clickUsingJS(com.kms.katalon.core.testobject.TestObject, int)]]></system-err>
      </testcase>
      <system-out><![CDATA[2022-05-23 13:02:39 - [TEST_SUITE][ERROR] - Add Bulk Billing: Test Cases/Add Bulk Billing FAILED.
Reason:
org.codehaus.groovy.runtime.metaclass.MissingMethodExceptionNoStack: No signature of method: adminOnline.customKeyWords.clickUsingJS() is applicable for argument types: (com.kms.katalon.core.testobject.TestObject) values: [TestObject - 'Object Repository/Bulk Billing/Add Billing Run/Button_Charge']
Possible solutions: clickUsingJS(com.kms.katalon.core.testobject.TestObject, int)]]></system-out>
      <system-err><![CDATA[2022-05-23 13:02:39 - [TEST_SUITE][ERROR] - Add Bulk Billing: Test Cases/Add Bulk Billing FAILED.
Reason:
org.codehaus.groovy.runtime.metaclass.MissingMethodExceptionNoStack: No signature of method: adminOnline.customKeyWords.clickUsingJS() is applicable for argument types: (com.kms.katalon.core.testobject.TestObject) values: [TestObject - 'Object Repository/Bulk Billing/Add Billing Run/Button_Charge']
Possible solutions: clickUsingJS(com.kms.katalon.core.testobject.TestObject, int)]]></system-err>
   </testsuite>
</testsuites>
